[2025-11-19 19:01:47] verificarAutenticacaoAPI: session_id=ot1uejht6ufnhp9nbgeir6ap7l, sessionExists=true, SESSION={"nome":"aluno","email":"aluno@damiaodegoes.pt","tipo":"utilizador"}
[2025-11-19 19:03:09] verificarAutenticacaoAPI: session_id=2h20mcvupu9ql6e41gepqegqds, sessionExists=true, SESSION={"nome":"Admin","email":"aluno19355@damiaodegoes.pt","tipo":"admin"}
[2025-11-19 19:05:47] verificarAutenticacaoAPI: session_id=2h20mcvupu9ql6e41gepqegqds, sessionExists=true, SESSION={"nome":"Admin","email":"aluno19355@damiaodegoes.pt","tipo":"admin"}
[2025-11-19 19:15:00] REQUEST START - Method: POST, URI: /api_ajuda.php
[2025-11-19 19:15:00] verificarAutenticacaoAPI: session_id=2h20mcvupu9ql6e41gepqegqds, sessionExists=true, SESSION={"nome":"Admin","email":"aluno19355@damiaodegoes.pt","tipo":"admin"}
[2025-11-19 19:22:36] REQUEST START - Method: POST, URI: /api_ajuda.php
[2025-11-19 19:22:36] === VERIFICAÇÃO DE AUTENTICAÇÃO ===
[2025-11-19 19:22:36] Session exists: true
[2025-11-19 19:22:36] Param exists: false
[2025-11-19 19:22:36] Email param: NÃO DEFINIDO
[2025-11-19 19:22:36] ID param: NÃO DEFINIDO
[2025-11-19 19:22:41] REQUEST START - Method: POST, URI: /api_ajuda.php
[2025-11-19 19:22:41] === VERIFICAÇÃO DE AUTENTICAÇÃO ===
[2025-11-19 19:22:41] Session exists: true
[2025-11-19 19:22:41] Param exists: false
[2025-11-19 19:22:41] Email param: NÃO DEFINIDO
[2025-11-19 19:22:41] ID param: NÃO DEFINIDO
[2025-11-19 19:31:39] REQUEST START - Method: POST, URI: /api_ajuda.php
[2025-11-19 19:31:39] === VERIFICAÇÃO DE AUTENTICAÇÃO ===
[2025-11-19 19:31:39] Session exists: true
[2025-11-19 19:31:39] Param exists: false
[2025-11-19 19:31:39] Email param: NÃO DEFINIDO
[2025-11-19 19:31:39] ID param: NÃO DEFINIDO
