[2025-10-21 20:14:51] REQUEST POST /admin/admin_api.php BODY: {"action":"add_user","nome":"123","email":"123@gmail.com","password":"123123","tipo":"utilizador"} POST_KEYS: []
[2025-10-21 20:14:51] adicionarUtilizador chamado com: Array
(
    [action] => add_user
    [nome] => 123
    [email] => 123@gmail.com
    [password] => ***
    [tipo] => utilizador
)

[2025-10-21 20:14:51] adicionarUtilizador success: user created with ID 28
[2025-10-21 20:14:55] REQUEST POST /admin/admin_api.php BODY: {"action":"delete_user","user_id":28} POST_KEYS: []
[2025-10-21 20:14:55] eliminarUtilizador called with userId: 28
[2025-10-21 20:14:55] eliminarUtilizador: fetched user id_utilizador=28; sessionUserId=NULL
[2025-10-21 20:14:55] eliminarUtilizador: DELETE executed successfully for id 28, affected rows: 1
[2025-10-21 20:15:28] REQUEST GET /admin/admin_api.php?action=stats BODY:  POST_KEYS: []
[2025-10-21 20:15:58] REQUEST GET /admin/admin_api.php?action=stats BODY:  POST_KEYS: []
[2025-10-21 20:16:28] REQUEST GET /admin/admin_api.php?action=stats BODY:  POST_KEYS: []
[2025-10-21 20:16:58] REQUEST GET /admin/admin_api.php?action=stats BODY:  POST_KEYS: []
[2025-10-21 20:17:28] REQUEST GET /admin/admin_api.php?action=stats BODY:  POST_KEYS: []
[2025-10-21 20:17:58] REQUEST GET /admin/admin_api.php?action=stats BODY:  POST_KEYS: []
[2025-10-21 20:18:36] REQUEST GET /admin/admin_api.php?action=stats BODY:  POST_KEYS: []
[2025-10-21 20:19:40] REQUEST GET /admin/admin_api.php?action=stats BODY:  POST_KEYS: []
[2025-10-21 20:20:40] REQUEST GET /admin/admin_api.php?action=stats BODY:  POST_KEYS: []
[2025-10-21 20:21:40] REQUEST GET /admin/admin_api.php?action=stats BODY:  POST_KEYS: []
[2025-10-21 20:22:40] REQUEST GET /admin/admin_api.php?action=stats BODY:  POST_KEYS: []
[2025-10-21 20:23:40] REQUEST GET /admin/admin_api.php?action=stats BODY:  POST_KEYS: []
[2025-10-21 20:24:40] REQUEST GET /admin/admin_api.php?action=stats BODY:  POST_KEYS: []
[2025-10-21 20:25:40] REQUEST GET /admin/admin_api.php?action=stats BODY:  POST_KEYS: []
[2025-10-21 20:26:40] REQUEST GET /admin/admin_api.php?action=stats BODY:  POST_KEYS: []
[2025-10-21 20:27:40] REQUEST GET /admin/admin_api.php?action=stats BODY:  POST_KEYS: []
[2025-10-21 20:28:40] REQUEST GET /admin/admin_api.php?action=stats BODY:  POST_KEYS: []
[2025-10-21 20:29:40] REQUEST GET /admin/admin_api.php?action=stats BODY:  POST_KEYS: []
[2025-10-21 20:30:24] REQUEST GET /admin/admin_api.php?action=stats BODY:  POST_KEYS: []
[2025-10-21 20:30:27] REQUEST GET /admin/admin_api.php?action=stats BODY:  POST_KEYS: []
[2025-10-21 21:54:51] REQUEST GET /admin/admin_api.php?action=stats BODY:  POST_KEYS: []
[2025-10-21 21:55:21] REQUEST GET /admin/admin_api.php?action=stats BODY:  POST_KEYS: []
[2025-10-21 21:55:51] REQUEST GET /admin/admin_api.php?action=stats BODY:  POST_KEYS: []
[2025-10-28 14:57:38] REQUEST POST /admin/admin_api.php BODY: {"action":"marcar_feedback_lido","feedback_id":"22"} POST_KEYS: []
[2025-10-28 14:57:38] marcarFeedbackLido: Feedback 22 marcado como lido com sucesso.
[2025-10-28 14:57:38] marcarFeedbackLido: Não há mais feedbacks não lidos.
[2025-10-28 14:57:46] REQUEST POST /admin/admin_api.php BODY: {"action":"update_user","id_utilizador":"33","nome":"Pedro Felizardo","email":"pedroafelizardo@gmail.com","tipo":"admin"} POST_KEYS: []
[2025-10-28 14:57:46] atualizarUtilizador called with: Array
(
    [action] => update_user
    [id_utilizador] => 33
    [nome] => Pedro Felizardo
    [email] => pedroafelizardo@gmail.com
    [tipo] => admin
)

[2025-10-28 14:57:46] atualizarUtilizador execute UPDATE success, affected rows: 1
[2025-11-07 10:03:51] REQUEST GET /admin/admin_api.php?action=stats BODY:  POST_KEYS: []
[2025-11-07 18:53:56] REQUEST GET /admin/admin_api.php?action=stats BODY:  POST_KEYS: []
[2025-11-07 18:54:26] REQUEST GET /admin/admin_api.php?action=stats BODY:  POST_KEYS: []
[2025-11-07 18:55:01] REQUEST GET /admin/admin_api.php?action=stats BODY:  POST_KEYS: []
[2025-11-07 18:55:31] REQUEST GET /admin/admin_api.php?action=stats BODY:  POST_KEYS: []
[2025-11-07 18:56:01] REQUEST GET /admin/admin_api.php?action=stats BODY:  POST_KEYS: []
[2025-11-07 18:56:31] REQUEST GET /admin/admin_api.php?action=stats BODY:  POST_KEYS: []
[2025-11-07 18:57:01] REQUEST GET /admin/admin_api.php?action=stats BODY:  POST_KEYS: []
[2025-11-07 18:57:31] REQUEST GET /admin/admin_api.php?action=stats BODY:  POST_KEYS: []
[2025-11-07 18:58:56] REQUEST GET /admin/admin_api.php?action=stats BODY:  POST_KEYS: []
[2025-11-07 18:59:01] REQUEST GET /admin/admin_api.php?action=stats BODY:  POST_KEYS: []
[2025-11-07 18:59:32] REQUEST GET /admin/admin_api.php?action=stats BODY:  POST_KEYS: []
[2025-11-07 19:00:02] REQUEST GET /admin/admin_api.php?action=stats BODY:  POST_KEYS: []
[2025-11-07 19:00:32] REQUEST GET /admin/admin_api.php?action=stats BODY:  POST_KEYS: []
[2025-11-07 19:01:02] REQUEST GET /admin/admin_api.php?action=stats BODY:  POST_KEYS: []
[2025-11-07 19:01:32] REQUEST GET /admin/admin_api.php?action=stats BODY:  POST_KEYS: []
[2025-11-07 19:02:02] REQUEST GET /admin/admin_api.php?action=stats BODY:  POST_KEYS: []
[2025-11-07 19:02:40] REQUEST GET /admin/admin_api.php?action=stats BODY:  POST_KEYS: []
[2025-11-07 19:03:02] REQUEST GET /admin/admin_api.php?action=stats BODY:  POST_KEYS: []
[2025-11-11 17:07:03] REQUEST GET /admin/admin_api.php?action=stats BODY:  POST_KEYS: []
[2025-11-11 17:07:17] REQUEST GET /admin/admin_api.php?action=stats BODY:  POST_KEYS: []
[2025-11-11 17:07:20] REQUEST POST /admin/admin_api.php BODY: {"action":"create_update","nome":"ddsdsdsdsd","versao":"32312421421","descricao":"wewewewewqeqweqwewq"} POST_KEYS: []
[2025-11-11 17:07:52] REQUEST GET /admin/admin_api.php?action=stats BODY:  POST_KEYS: []
[2025-11-11 17:08:22] REQUEST GET /admin/admin_api.php?action=stats BODY:  POST_KEYS: []
[2025-11-11 17:08:52] REQUEST GET /admin/admin_api.php?action=stats BODY:  POST_KEYS: []
[2025-11-11 17:09:22] REQUEST GET /admin/admin_api.php?action=stats BODY:  POST_KEYS: []
[2025-11-11 17:09:52] REQUEST GET /admin/admin_api.php?action=stats BODY:  POST_KEYS: []
[2025-11-11 17:10:22] REQUEST GET /admin/admin_api.php?action=stats BODY:  POST_KEYS: []
[2025-11-11 17:10:52] REQUEST GET /admin/admin_api.php?action=stats BODY:  POST_KEYS: []
[2025-11-11 17:11:22] REQUEST GET /admin/admin_api.php?action=stats BODY:  POST_KEYS: []
[2025-11-14 08:52:44] REQUEST GET /admin/admin_api.php?action=stats BODY:  POST_KEYS: []
[2025-11-14 08:53:14] REQUEST GET /admin/admin_api.php?action=stats BODY:  POST_KEYS: []
[2025-11-14 08:53:44] REQUEST GET /admin/admin_api.php?action=stats BODY:  POST_KEYS: []
[2025-11-14 08:54:14] REQUEST GET /admin/admin_api.php?action=stats BODY:  POST_KEYS: []
[2025-11-19 12:10:34] REQUEST GET /admin/admin_api.php?action=get_help_conversations BODY:  POST_KEYS: []
[2025-11-19 12:10:37] REQUEST GET /admin/admin_api.php?action=get_help_conversations BODY:  POST_KEYS: []
[2025-11-19 12:10:40] REQUEST GET /admin/admin_api.php?action=get_help_conversations BODY:  POST_KEYS: []
[2025-11-19 12:10:43] REQUEST GET /admin/admin_api.php?action=get_help_conversations BODY:  POST_KEYS: []
[2025-11-19 12:10:46] REQUEST GET /admin/admin_api.php?action=get_help_conversations BODY:  POST_KEYS: []
[2025-11-19 12:10:49] REQUEST GET /admin/admin_api.php?action=get_help_conversations BODY:  POST_KEYS: []
[2025-11-20 20:56:48] REQUEST GET /admin/admin_api.php?action=get_help_conversations BODY:  POST_KEYS: []
[2025-11-20 20:56:48] REQUEST GET /admin/admin_api.php?action=stats BODY:  POST_KEYS: []
[2025-11-20 20:57:48] REQUEST GET /admin/admin_api.php?action=get_help_conversations BODY:  POST_KEYS: []
[2025-11-20 20:57:48] REQUEST GET /admin/admin_api.php?action=stats BODY:  POST_KEYS: []
[2025-11-20 20:58:48] REQUEST GET /admin/admin_api.php?action=get_help_conversations BODY:  POST_KEYS: []
[2025-11-20 20:58:49] REQUEST GET /admin/admin_api.php?action=stats BODY:  POST_KEYS: []
[2025-11-20 20:59:48] REQUEST GET /admin/admin_api.php?action=get_help_conversations BODY:  POST_KEYS: []
[2025-11-20 20:59:48] REQUEST GET /admin/admin_api.php?action=stats BODY:  POST_KEYS: []
[2025-11-20 21:00:23] REQUEST GET /admin/admin_api.php?action=get_help_conversations BODY:  POST_KEYS: []
[2025-11-20 21:00:23] REQUEST GET /admin/admin_api.php?action=stats BODY:  POST_KEYS: []
[2025-11-20 21:00:25] REQUEST GET /admin/admin_api.php?action=get_help_conversations BODY:  POST_KEYS: []
[2025-11-20 21:00:28] REQUEST POST /admin/admin_api.php BODY: {"action":"send_admin_reply","conversation_id":5,"conteudo":"sasasa"} POST_KEYS: []
[2025-11-20 21:00:28] Resposta do admin enviada com sucesso: ID 19 na conversa 5
[2025-11-20 21:00:28] REQUEST GET /admin/admin_api.php?action=get_help_conversations BODY:  POST_KEYS: []
[2025-11-20 21:00:31] REQUEST GET /admin/admin_api.php?action=get_help_conversations BODY:  POST_KEYS: []
[2025-11-20 21:00:36] REQUEST GET /admin/admin_api.php?action=stats BODY:  POST_KEYS: []
[2025-11-20 21:00:36] REQUEST GET /admin/admin_api.php?action=get_help_conversations BODY:  POST_KEYS: []
[2025-11-20 21:00:40] REQUEST GET /admin/admin_api.php?action=get_help_conversations BODY:  POST_KEYS: []
[2025-11-20 21:00:42] REQUEST GET /admin/admin_api.php?action=get_help_conversations BODY:  POST_KEYS: []
[2025-11-20 21:00:48] REQUEST GET /admin/admin_api.php?action=get_help_conversations BODY:  POST_KEYS: []
[2025-11-20 21:00:52] REQUEST POST /admin/admin_api.php BODY: {"action":"marcar_feedback_lido","feedback_id":"38"} POST_KEYS: []
[2025-11-20 21:00:52] marcarFeedbackLido: Feedback 38 marcado como lido com sucesso.
[2025-11-20 21:00:52] marcarFeedbackLido: Próximo feedback ID: 37
[2025-11-20 21:00:52] REQUEST POST /admin/admin_api.php BODY: {"action":"marcar_feedback_lido","feedback_id":"37"} POST_KEYS: []
[2025-11-20 21:00:52] marcarFeedbackLido: Feedback 37 marcado como lido com sucesso.
[2025-11-20 21:00:52] marcarFeedbackLido: Próximo feedback ID: 36
[2025-11-20 21:00:52] REQUEST GET /admin/admin_api.php?action=get_help_conversations BODY:  POST_KEYS: []
[2025-11-20 21:00:53] REQUEST POST /admin/admin_api.php BODY: {"action":"marcar_feedback_lido","feedback_id":"36"} POST_KEYS: []
[2025-11-20 21:00:53] marcarFeedbackLido: Feedback 36 marcado como lido com sucesso.
[2025-11-20 21:00:53] marcarFeedbackLido: Próximo feedback ID: 35
[2025-11-20 21:00:54] REQUEST POST /admin/admin_api.php BODY: {"action":"marcar_feedback_lido","feedback_id":"35"} POST_KEYS: []
[2025-11-20 21:00:54] marcarFeedbackLido: Feedback 35 marcado como lido com sucesso.
[2025-11-20 21:00:54] marcarFeedbackLido: Próximo feedback ID: 34
[2025-11-20 21:00:54] REQUEST POST /admin/admin_api.php BODY: {"action":"marcar_feedback_lido","feedback_id":"34"} POST_KEYS: []
[2025-11-20 21:00:54] marcarFeedbackLido: Feedback 34 marcado como lido com sucesso.
[2025-11-20 21:00:54] marcarFeedbackLido: Próximo feedback ID: 33
[2025-11-20 21:00:55] REQUEST POST /admin/admin_api.php BODY: {"action":"marcar_feedback_lido","feedback_id":"33"} POST_KEYS: []
[2025-11-20 21:00:55] marcarFeedbackLido: Feedback 33 marcado como lido com sucesso.
[2025-11-20 21:00:55] marcarFeedbackLido: Próximo feedback ID: 32
[2025-11-20 21:00:56] REQUEST GET /admin/admin_api.php?action=get_help_conversations BODY:  POST_KEYS: []
[2025-11-20 21:00:57] REQUEST POST /admin/admin_api.php BODY: {"action":"marcar_feedback_lido","feedback_id":"32"} POST_KEYS: []
[2025-11-20 21:00:57] marcarFeedbackLido: Feedback 32 marcado como lido com sucesso.
[2025-11-20 21:00:57] marcarFeedbackLido: Próximo feedback ID: 31
[2025-11-20 21:00:58] REQUEST POST /admin/admin_api.php BODY: {"action":"marcar_feedback_lido","feedback_id":"31"} POST_KEYS: []
[2025-11-20 21:00:58] marcarFeedbackLido: Feedback 31 marcado como lido com sucesso.
[2025-11-20 21:00:58] marcarFeedbackLido: Próximo feedback ID: 30
[2025-11-20 21:00:58] REQUEST POST /admin/admin_api.php BODY: {"action":"marcar_feedback_lido","feedback_id":"30"} POST_KEYS: []
[2025-11-20 21:00:58] marcarFeedbackLido: Feedback 30 marcado como lido com sucesso.
[2025-11-20 21:00:58] marcarFeedbackLido: Próximo feedback ID: 29
[2025-11-20 21:00:59] REQUEST POST /admin/admin_api.php BODY: {"action":"marcar_feedback_lido","feedback_id":"29"} POST_KEYS: []
[2025-11-20 21:00:59] marcarFeedbackLido: Feedback 29 marcado como lido com sucesso.
[2025-11-20 21:00:59] marcarFeedbackLido: Próximo feedback ID: 28
[2025-11-20 21:01:00] REQUEST POST /admin/admin_api.php BODY: {"action":"marcar_feedback_lido","feedback_id":"28"} POST_KEYS: []
[2025-11-20 21:01:00] marcarFeedbackLido: Feedback 28 marcado como lido com sucesso.
[2025-11-20 21:01:00] marcarFeedbackLido: Próximo feedback ID: 27
[2025-11-20 21:01:00] REQUEST POST /admin/admin_api.php BODY: {"action":"marcar_feedback_lido","feedback_id":"27"} POST_KEYS: []
[2025-11-20 21:01:00] marcarFeedbackLido: Feedback 27 marcado como lido com sucesso.
[2025-11-20 21:01:00] marcarFeedbackLido: Próximo feedback ID: 26
[2025-11-20 21:01:01] REQUEST GET /admin/admin_api.php?action=get_help_conversations BODY:  POST_KEYS: []
[2025-11-20 21:01:01] REQUEST POST /admin/admin_api.php BODY: {"action":"marcar_feedback_lido","feedback_id":"26"} POST_KEYS: []
[2025-11-20 21:01:01] marcarFeedbackLido: Feedback 26 marcado como lido com sucesso.
[2025-11-20 21:01:01] marcarFeedbackLido: Não há mais feedbacks não lidos.
[2025-11-20 21:01:02] REQUEST GET /admin/admin_api.php?action=get_help_conversations BODY:  POST_KEYS: []
[2025-11-20 21:01:08] REQUEST GET /admin/admin_api.php?action=get_help_conversations BODY:  POST_KEYS: []
[2025-11-20 21:01:12] REQUEST GET /admin/admin_api.php?action=get_help_conversations BODY:  POST_KEYS: []
[2025-11-20 21:01:17] REQUEST GET /admin/admin_api.php?action=get_help_conversations BODY:  POST_KEYS: []
[2025-11-20 21:01:22] REQUEST GET /admin/admin_api.php?action=get_help_conversations BODY:  POST_KEYS: []
[2025-11-20 21:01:28] REQUEST GET /admin/admin_api.php?action=get_help_conversations BODY:  POST_KEYS: []
[2025-11-21 08:38:20] REQUEST GET /admin/admin_api.php?action=get_help_conversations BODY:  POST_KEYS: []
[2025-11-21 08:38:25] REQUEST GET /admin/admin_api.php?action=get_help_conversations BODY:  POST_KEYS: []
[2025-11-21 08:38:30] REQUEST GET /admin/admin_api.php?action=get_help_conversations BODY:  POST_KEYS: []
[2025-11-21 08:38:35] REQUEST GET /admin/admin_api.php?action=get_help_conversations BODY:  POST_KEYS: []
[2025-11-21 08:38:40] REQUEST GET /admin/admin_api.php?action=get_help_conversations BODY:  POST_KEYS: []
[2025-11-21 08:38:45] REQUEST GET /admin/admin_api.php?action=get_help_conversations BODY:  POST_KEYS: []
[2025-11-21 08:38:50] REQUEST GET /admin/admin_api.php?action=stats BODY:  POST_KEYS: []
[2025-11-21 08:38:50] REQUEST GET /admin/admin_api.php?action=get_help_conversations BODY:  POST_KEYS: []
[2025-11-21 08:38:55] REQUEST GET /admin/admin_api.php?action=get_help_conversations BODY:  POST_KEYS: []
[2025-11-21 08:39:00] REQUEST GET /admin/admin_api.php?action=get_help_conversations BODY:  POST_KEYS: []
[2025-11-21 08:39:05] REQUEST GET /admin/admin_api.php?action=get_help_conversations BODY:  POST_KEYS: []
[2025-11-21 08:39:10] REQUEST GET /admin/admin_api.php?action=get_help_conversations BODY:  POST_KEYS: []
[2025-11-21 08:39:15] REQUEST GET /admin/admin_api.php?action=get_help_conversations BODY:  POST_KEYS: []
[2025-11-21 08:39:20] REQUEST GET /admin/admin_api.php?action=stats BODY:  POST_KEYS: []
[2025-11-21 08:39:20] REQUEST GET /admin/admin_api.php?action=get_help_conversations BODY:  POST_KEYS: []
[2025-11-21 08:39:25] REQUEST GET /admin/admin_api.php?action=get_help_conversations BODY:  POST_KEYS: []
[2025-11-21 08:39:30] REQUEST GET /admin/admin_api.php?action=get_help_conversations BODY:  POST_KEYS: []
[2025-11-21 08:39:35] REQUEST GET /admin/admin_api.php?action=get_help_conversations BODY:  POST_KEYS: []
[2025-11-21 08:39:40] REQUEST GET /admin/admin_api.php?action=get_help_conversations BODY:  POST_KEYS: []
[2025-11-21 08:39:45] REQUEST GET /admin/admin_api.php?action=get_help_conversations BODY:  POST_KEYS: []
[2025-11-21 08:39:50] REQUEST GET /admin/admin_api.php?action=stats BODY:  POST_KEYS: []
[2025-11-21 08:39:50] REQUEST GET /admin/admin_api.php?action=get_help_conversations BODY:  POST_KEYS: []
[2025-11-21 08:39:55] REQUEST GET /admin/admin_api.php?action=get_help_conversations BODY:  POST_KEYS: []
[2025-11-21 08:40:00] REQUEST GET /admin/admin_api.php?action=get_help_conversations BODY:  POST_KEYS: []
[2025-11-21 08:40:05] REQUEST GET /admin/admin_api.php?action=get_help_conversations BODY:  POST_KEYS: []
[2025-11-21 08:40:10] REQUEST GET /admin/admin_api.php?action=get_help_conversations BODY:  POST_KEYS: []
[2025-11-21 08:40:15] REQUEST GET /admin/admin_api.php?action=get_help_conversations BODY:  POST_KEYS: []
[2025-11-21 08:40:20] REQUEST GET /admin/admin_api.php?action=stats BODY:  POST_KEYS: []
[2025-11-21 08:40:20] REQUEST GET /admin/admin_api.php?action=get_help_conversations BODY:  POST_KEYS: []
[2025-11-21 08:40:25] REQUEST GET /admin/admin_api.php?action=get_help_conversations BODY:  POST_KEYS: []
[2025-11-21 08:40:30] REQUEST GET /admin/admin_api.php?action=get_help_conversations BODY:  POST_KEYS: []
[2025-11-21 08:40:35] REQUEST GET /admin/admin_api.php?action=get_help_conversations BODY:  POST_KEYS: []
[2025-11-21 08:40:40] REQUEST GET /admin/admin_api.php?action=get_help_conversations BODY:  POST_KEYS: []
[2025-11-21 08:40:45] REQUEST GET /admin/admin_api.php?action=get_help_conversations BODY:  POST_KEYS: []
[2025-11-21 08:40:50] REQUEST GET /admin/admin_api.php?action=stats BODY:  POST_KEYS: []
[2025-11-21 08:40:50] REQUEST GET /admin/admin_api.php?action=get_help_conversations BODY:  POST_KEYS: []
[2025-11-21 08:40:55] REQUEST GET /admin/admin_api.php?action=get_help_conversations BODY:  POST_KEYS: []
[2025-11-21 08:41:00] REQUEST GET /admin/admin_api.php?action=get_help_conversations BODY:  POST_KEYS: []
[2025-11-21 08:41:05] REQUEST GET /admin/admin_api.php?action=get_help_conversations BODY:  POST_KEYS: []
[2025-11-21 08:41:10] REQUEST GET /admin/admin_api.php?action=get_help_conversations BODY:  POST_KEYS: []
[2025-11-21 08:41:15] REQUEST GET /admin/admin_api.php?action=get_help_conversations BODY:  POST_KEYS: []
[2025-11-21 08:41:20] REQUEST GET /admin/admin_api.php?action=stats BODY:  POST_KEYS: []
[2025-11-21 08:41:20] REQUEST GET /admin/admin_api.php?action=get_help_conversations BODY:  POST_KEYS: []
[2025-11-21 08:41:25] REQUEST GET /admin/admin_api.php?action=get_help_conversations BODY:  POST_KEYS: []
[2025-11-21 08:41:30] REQUEST GET /admin/admin_api.php?action=get_help_conversations BODY:  POST_KEYS: []
[2025-11-21 08:41:35] REQUEST GET /admin/admin_api.php?action=get_help_conversations BODY:  POST_KEYS: []
[2025-11-21 08:41:40] REQUEST GET /admin/admin_api.php?action=get_help_conversations BODY:  POST_KEYS: []
[2025-11-21 08:41:45] REQUEST GET /admin/admin_api.php?action=get_help_conversations BODY:  POST_KEYS: []
[2025-11-21 08:41:50] REQUEST GET /admin/admin_api.php?action=stats BODY:  POST_KEYS: []
[2025-11-21 08:41:50] REQUEST GET /admin/admin_api.php?action=get_help_conversations BODY:  POST_KEYS: []
[2025-11-21 08:41:55] REQUEST GET /admin/admin_api.php?action=get_help_conversations BODY:  POST_KEYS: []
[2025-11-21 08:42:00] REQUEST GET /admin/admin_api.php?action=get_help_conversations BODY:  POST_KEYS: []
[2025-11-21 08:42:05] REQUEST GET /admin/admin_api.php?action=get_help_conversations BODY:  POST_KEYS: []
[2025-11-21 08:42:10] REQUEST GET /admin/admin_api.php?action=get_help_conversations BODY:  POST_KEYS: []
[2025-11-21 08:42:15] REQUEST GET /admin/admin_api.php?action=get_help_conversations BODY:  POST_KEYS: []
[2025-11-21 08:42:20] REQUEST GET /admin/admin_api.php?action=stats BODY:  POST_KEYS: []
[2025-11-21 08:42:20] REQUEST GET /admin/admin_api.php?action=get_help_conversations BODY:  POST_KEYS: []
[2025-11-21 08:42:25] REQUEST GET /admin/admin_api.php?action=get_help_conversations BODY:  POST_KEYS: []
[2025-11-21 08:42:30] REQUEST GET /admin/admin_api.php?action=get_help_conversations BODY:  POST_KEYS: []
[2025-11-21 08:42:35] REQUEST GET /admin/admin_api.php?action=get_help_conversations BODY:  POST_KEYS: []
[2025-11-21 08:42:40] REQUEST GET /admin/admin_api.php?action=get_help_conversations BODY:  POST_KEYS: []
[2025-11-21 08:42:45] REQUEST GET /admin/admin_api.php?action=get_help_conversations BODY:  POST_KEYS: []
[2025-11-21 08:42:50] REQUEST GET /admin/admin_api.php?action=stats BODY:  POST_KEYS: []
[2025-11-21 08:42:50] REQUEST GET /admin/admin_api.php?action=get_help_conversations BODY:  POST_KEYS: []
[2025-11-21 08:42:55] REQUEST GET /admin/admin_api.php?action=get_help_conversations BODY:  POST_KEYS: []
[2025-11-21 08:43:00] REQUEST GET /admin/admin_api.php?action=get_help_conversations BODY:  POST_KEYS: []
[2025-11-21 08:43:05] REQUEST GET /admin/admin_api.php?action=get_help_conversations BODY:  POST_KEYS: []
[2025-11-21 08:43:10] REQUEST GET /admin/admin_api.php?action=get_help_conversations BODY:  POST_KEYS: []
[2025-11-21 08:43:15] REQUEST GET /admin/admin_api.php?action=get_help_conversations BODY:  POST_KEYS: []
[2025-11-21 08:43:20] REQUEST GET /admin/admin_api.php?action=get_help_conversations BODY:  POST_KEYS: []
[2025-11-21 08:43:20] REQUEST GET /admin/admin_api.php?action=stats BODY:  POST_KEYS: []
[2025-11-21 08:43:25] REQUEST GET /admin/admin_api.php?action=get_help_conversations BODY:  POST_KEYS: []
[2025-11-21 08:43:30] REQUEST GET /admin/admin_api.php?action=get_help_conversations BODY:  POST_KEYS: []
[2025-11-21 08:43:35] REQUEST GET /admin/admin_api.php?action=get_help_conversations BODY:  POST_KEYS: []
[2025-11-21 08:43:40] REQUEST GET /admin/admin_api.php?action=get_help_conversations BODY:  POST_KEYS: []
[2025-11-21 08:43:45] REQUEST GET /admin/admin_api.php?action=get_help_conversations BODY:  POST_KEYS: []
[2025-11-21 08:43:50] REQUEST GET /admin/admin_api.php?action=get_help_conversations BODY:  POST_KEYS: []
[2025-11-21 08:43:51] REQUEST GET /admin/admin_api.php?action=stats BODY:  POST_KEYS: []
[2025-11-21 08:43:55] REQUEST GET /admin/admin_api.php?action=get_help_conversations BODY:  POST_KEYS: []
[2025-11-21 08:44:00] REQUEST GET /admin/admin_api.php?action=get_help_conversations BODY:  POST_KEYS: []
[2025-11-21 08:44:05] REQUEST GET /admin/admin_api.php?action=get_help_conversations BODY:  POST_KEYS: []
[2025-11-21 08:44:10] REQUEST GET /admin/admin_api.php?action=get_help_conversations BODY:  POST_KEYS: []
[2025-11-21 08:44:15] REQUEST GET /admin/admin_api.php?action=get_help_conversations BODY:  POST_KEYS: []
[2025-11-21 08:44:20] REQUEST GET /admin/admin_api.php?action=stats BODY:  POST_KEYS: []
[2025-11-21 08:44:20] REQUEST GET /admin/admin_api.php?action=get_help_conversations BODY:  POST_KEYS: []
[2025-11-21 08:44:25] REQUEST GET /admin/admin_api.php?action=get_help_conversations BODY:  POST_KEYS: []
[2025-11-21 08:44:30] REQUEST GET /admin/admin_api.php?action=get_help_conversations BODY:  POST_KEYS: []
[2025-11-21 08:44:35] REQUEST GET /admin/admin_api.php?action=get_help_conversations BODY:  POST_KEYS: []
[2025-11-21 08:44:40] REQUEST GET /admin/admin_api.php?action=get_help_conversations BODY:  POST_KEYS: []
[2025-11-21 08:44:45] REQUEST GET /admin/admin_api.php?action=get_help_conversations BODY:  POST_KEYS: []
[2025-11-21 08:44:50] REQUEST GET /admin/admin_api.php?action=stats BODY:  POST_KEYS: []
[2025-11-21 08:44:50] REQUEST GET /admin/admin_api.php?action=get_help_conversations BODY:  POST_KEYS: []
[2025-11-21 08:44:55] REQUEST GET /admin/admin_api.php?action=get_help_conversations BODY:  POST_KEYS: []
[2025-11-21 08:45:00] REQUEST GET /admin/admin_api.php?action=get_help_conversations BODY:  POST_KEYS: []
[2025-11-21 08:45:05] REQUEST GET /admin/admin_api.php?action=get_help_conversations BODY:  POST_KEYS: []
[2025-11-21 08:45:10] REQUEST GET /admin/admin_api.php?action=get_help_conversations BODY:  POST_KEYS: []
[2025-11-21 08:45:15] REQUEST GET /admin/admin_api.php?action=get_help_conversations BODY:  POST_KEYS: []
[2025-11-21 08:45:20] REQUEST GET /admin/admin_api.php?action=stats BODY:  POST_KEYS: []
[2025-11-21 08:45:20] REQUEST GET /admin/admin_api.php?action=get_help_conversations BODY:  POST_KEYS: []
[2025-11-21 08:45:25] REQUEST GET /admin/admin_api.php?action=get_help_conversations BODY:  POST_KEYS: []
[2025-11-21 08:45:30] REQUEST GET /admin/admin_api.php?action=get_help_conversations BODY:  POST_KEYS: []
[2025-11-21 08:45:35] REQUEST GET /admin/admin_api.php?action=get_help_conversations BODY:  POST_KEYS: []
[2025-11-21 08:45:40] REQUEST GET /admin/admin_api.php?action=get_help_conversations BODY:  POST_KEYS: []
[2025-11-21 08:45:45] REQUEST GET /admin/admin_api.php?action=get_help_conversations BODY:  POST_KEYS: []
[2025-11-21 08:45:50] REQUEST GET /admin/admin_api.php?action=stats BODY:  POST_KEYS: []
[2025-11-21 08:45:50] REQUEST GET /admin/admin_api.php?action=get_help_conversations BODY:  POST_KEYS: []
[2025-11-21 08:45:55] REQUEST GET /admin/admin_api.php?action=get_help_conversations BODY:  POST_KEYS: []
[2025-11-21 08:46:00] REQUEST GET /admin/admin_api.php?action=get_help_conversations BODY:  POST_KEYS: []
[2025-11-21 08:46:05] REQUEST GET /admin/admin_api.php?action=get_help_conversations BODY:  POST_KEYS: []
[2025-11-21 08:46:10] REQUEST GET /admin/admin_api.php?action=get_help_conversations BODY:  POST_KEYS: []
[2025-11-21 08:46:15] REQUEST GET /admin/admin_api.php?action=get_help_conversations BODY:  POST_KEYS: []
[2025-11-21 08:46:20] REQUEST GET /admin/admin_api.php?action=stats BODY:  POST_KEYS: []
[2025-11-21 08:46:20] REQUEST GET /admin/admin_api.php?action=get_help_conversations BODY:  POST_KEYS: []
[2025-11-21 08:46:25] REQUEST GET /admin/admin_api.php?action=get_help_conversations BODY:  POST_KEYS: []
[2025-11-21 08:46:30] REQUEST GET /admin/admin_api.php?action=get_help_conversations BODY:  POST_KEYS: []
[2025-11-21 08:46:35] REQUEST GET /admin/admin_api.php?action=get_help_conversations BODY:  POST_KEYS: []
[2025-11-21 08:46:40] REQUEST GET /admin/admin_api.php?action=get_help_conversations BODY:  POST_KEYS: []
[2025-11-21 08:46:45] REQUEST GET /admin/admin_api.php?action=get_help_conversations BODY:  POST_KEYS: []
[2025-11-25 17:12:27] REQUEST GET /admin/admin_api.php?action=get_help_conversations BODY:  POST_KEYS: []
[2025-11-25 17:12:32] REQUEST GET /admin/admin_api.php?action=get_help_conversations BODY:  POST_KEYS: []
[2025-11-25 17:12:34] REQUEST GET /admin/admin_api.php?action=get_help_conversations BODY:  POST_KEYS: []
[2025-11-25 20:27:33] REQUEST GET /admin/admin_api.php?action=get_help_conversations BODY:  POST_KEYS: []
[2025-11-25 20:27:38] REQUEST GET /admin/admin_api.php?action=get_help_conversations BODY:  POST_KEYS: []
[2025-11-25 20:27:39] REQUEST GET /admin/admin_api.php?action=get_help_conversations BODY:  POST_KEYS: []
[2025-11-25 20:31:52] REQUEST GET /admin/admin_api.php?action=get_help_conversations BODY:  POST_KEYS: []
[2025-11-26 09:11:53] REQUEST GET /admin/admin_api.php?action=get_help_conversations BODY:  POST_KEYS: []
[2025-11-26 09:11:58] REQUEST GET /admin/admin_api.php?action=get_help_conversations BODY:  POST_KEYS: []
[2025-11-26 09:12:03] REQUEST GET /admin/admin_api.php?action=get_help_conversations BODY:  POST_KEYS: []
[2025-11-26 09:12:08] REQUEST POST /admin/admin_api.php BODY: {"action":"send_admin_reply","conversation_id":8,"conteudo":"nigga"} POST_KEYS: []
[2025-11-26 09:12:08] Resposta do admin enviada com sucesso: ID 25 na conversa 8
[2025-11-26 09:12:08] REQUEST GET /admin/admin_api.php?action=get_help_conversations BODY:  POST_KEYS: []
[2025-11-26 09:12:08] REQUEST GET /admin/admin_api.php?action=get_help_conversations BODY:  POST_KEYS: []
[2025-11-26 09:12:13] REQUEST GET /admin/admin_api.php?action=get_help_conversations BODY:  POST_KEYS: []
[2025-12-05 09:25:00] REQUEST GET /admin/admin_api.php?action=get_help_conversations BODY:  POST_KEYS: []
[2025-12-05 09:25:05] REQUEST GET /admin/admin_api.php?action=get_help_conversations BODY:  POST_KEYS: []
[2025-12-05 09:31:05] REQUEST GET /admin/admin_api.php?action=get_help_conversations BODY:  POST_KEYS: []
[2025-12-05 09:31:10] REQUEST GET /admin/admin_api.php?action=get_help_conversations BODY:  POST_KEYS: []
[2025-12-05 09:31:15] REQUEST GET /admin/admin_api.php?action=get_help_conversations BODY:  POST_KEYS: []
[2025-12-05 09:31:20] REQUEST GET /admin/admin_api.php?action=get_help_conversations BODY:  POST_KEYS: []
[2025-12-11 08:58:23] REQUEST GET /admin/admin_api.php?action=get_help_conversations BODY:  POST_KEYS: []
[2025-12-11 08:58:28] REQUEST GET /admin/admin_api.php?action=get_help_conversations BODY:  POST_KEYS: []
[2025-12-11 08:58:33] REQUEST GET /admin/admin_api.php?action=get_help_conversations BODY:  POST_KEYS: []
[2025-12-11 08:58:38] REQUEST GET /admin/admin_api.php?action=get_help_conversations BODY:  POST_KEYS: []
[2025-12-11 08:58:43] REQUEST GET /admin/admin_api.php?action=get_help_conversations BODY:  POST_KEYS: []
[2025-12-11 08:58:48] REQUEST GET /admin/admin_api.php?action=get_help_conversations BODY:  POST_KEYS: []
[2025-12-11 08:58:53] REQUEST GET /admin/admin_api.php?action=stats BODY:  POST_KEYS: []
[2025-12-11 08:58:53] REQUEST GET /admin/admin_api.php?action=get_help_conversations BODY:  POST_KEYS: []
[2025-12-11 08:58:55] REQUEST POST /admin/admin_api.php BODY: {"action":"send_admin_reply","conversation_id":10,"conteudo":"ddddd"} POST_KEYS: []
[2025-12-11 08:58:55] Campo "mensagem" atualizado para o utilizador da conversa 10
[2025-12-11 08:58:55] Resposta do admin enviada com sucesso: ID 32 na conversa 10
[2025-12-11 08:58:56] REQUEST GET /admin/admin_api.php?action=get_help_conversations BODY:  POST_KEYS: []
[2025-12-11 08:58:58] REQUEST GET /admin/admin_api.php?action=get_help_conversations BODY:  POST_KEYS: []
[2025-12-11 08:59:04] REQUEST GET /admin/admin_api.php?action=get_help_conversations BODY:  POST_KEYS: []
[2025-12-11 08:59:09] REQUEST GET /admin/admin_api.php?action=get_help_conversations BODY:  POST_KEYS: []
[2025-12-11 08:59:13] REQUEST GET /admin/admin_api.php?action=get_help_conversations BODY:  POST_KEYS: []
[2025-12-11 08:59:18] REQUEST GET /admin/admin_api.php?action=get_help_conversations BODY:  POST_KEYS: []
[2025-12-11 08:59:23] REQUEST GET /admin/admin_api.php?action=stats BODY:  POST_KEYS: []
[2025-12-11 08:59:23] REQUEST GET /admin/admin_api.php?action=get_help_conversations BODY:  POST_KEYS: []
[2025-12-11 08:59:28] REQUEST GET /admin/admin_api.php?action=get_help_conversations BODY:  POST_KEYS: []
[2025-12-11 08:59:34] REQUEST GET /admin/admin_api.php?action=get_help_conversations BODY:  POST_KEYS: []
[2025-12-11 08:59:38] REQUEST GET /admin/admin_api.php?action=get_help_conversations BODY:  POST_KEYS: []
[2025-12-11 08:59:44] REQUEST GET /admin/admin_api.php?action=get_help_conversations BODY:  POST_KEYS: []
[2025-12-11 08:59:49] REQUEST GET /admin/admin_api.php?action=get_help_conversations BODY:  POST_KEYS: []
[2025-12-11 08:59:53] REQUEST GET /admin/admin_api.php?action=get_help_conversations BODY:  POST_KEYS: []
[2025-12-11 08:59:54] REQUEST GET /admin/admin_api.php?action=stats BODY:  POST_KEYS: []
[2025-12-11 08:59:58] REQUEST GET /admin/admin_api.php?action=get_help_conversations BODY:  POST_KEYS: []
[2025-12-11 09:00:03] REQUEST GET /admin/admin_api.php?action=get_help_conversations BODY:  POST_KEYS: []
[2025-12-11 09:00:08] REQUEST GET /admin/admin_api.php?action=get_help_conversations BODY:  POST_KEYS: []
[2025-12-11 09:00:13] REQUEST GET /admin/admin_api.php?action=get_help_conversations BODY:  POST_KEYS: []
[2025-12-11 09:00:18] REQUEST GET /admin/admin_api.php?action=get_help_conversations BODY:  POST_KEYS: []
[2025-12-11 09:00:23] REQUEST GET /admin/admin_api.php?action=stats BODY:  POST_KEYS: []
[2025-12-11 09:00:23] REQUEST GET /admin/admin_api.php?action=get_help_conversations BODY:  POST_KEYS: []
[2025-12-11 09:00:28] REQUEST GET /admin/admin_api.php?action=get_help_conversations BODY:  POST_KEYS: []
[2025-12-11 09:00:34] REQUEST GET /admin/admin_api.php?action=get_help_conversations BODY:  POST_KEYS: []
[2025-12-11 09:00:38] REQUEST GET /admin/admin_api.php?action=get_help_conversations BODY:  POST_KEYS: []
[2025-12-11 09:00:44] REQUEST GET /admin/admin_api.php?action=get_help_conversations BODY:  POST_KEYS: []
[2025-12-11 09:00:53] REQUEST GET /admin/admin_api.php?action=stats BODY:  POST_KEYS: []
[2025-12-11 09:01:23] REQUEST GET /admin/admin_api.php?action=stats BODY:  POST_KEYS: []
[2025-12-11 09:01:40] REQUEST GET /admin/admin_api.php?action=get_help_conversations BODY:  POST_KEYS: []
[2025-12-11 09:02:39] REQUEST GET /admin/admin_api.php?action=get_help_conversations BODY:  POST_KEYS: []
[2025-12-11 09:02:40] REQUEST GET /admin/admin_api.php?action=stats BODY:  POST_KEYS: []
[2025-12-11 09:03:10] REQUEST GET /admin/admin_api.php?action=get_help_conversations BODY:  POST_KEYS: []
[2025-12-11 09:03:10] REQUEST GET /admin/admin_api.php?action=stats BODY:  POST_KEYS: []
[2025-12-11 09:03:13] REQUEST GET /admin/admin_api.php?action=get_help_conversations BODY:  POST_KEYS: []
[2025-12-11 09:03:19] REQUEST GET /admin/admin_api.php?action=get_help_conversations BODY:  POST_KEYS: []
[2025-12-11 09:03:23] REQUEST GET /admin/admin_api.php?action=stats BODY:  POST_KEYS: []
[2025-12-11 09:03:23] REQUEST GET /admin/admin_api.php?action=get_help_conversations BODY:  POST_KEYS: []
[2025-12-11 09:03:28] REQUEST GET /admin/admin_api.php?action=get_help_conversations BODY:  POST_KEYS: []
[2025-12-11 09:03:33] REQUEST GET /admin/admin_api.php?action=get_help_conversations BODY:  POST_KEYS: []
[2025-12-11 09:03:38] REQUEST GET /admin/admin_api.php?action=get_help_conversations BODY:  POST_KEYS: []
[2025-12-11 09:03:43] REQUEST GET /admin/admin_api.php?action=get_help_conversations BODY:  POST_KEYS: []
[2025-12-11 09:03:48] REQUEST GET /admin/admin_api.php?action=get_help_conversations BODY:  POST_KEYS: []
[2025-12-11 09:03:53] REQUEST GET /admin/admin_api.php?action=get_help_conversations BODY:  POST_KEYS: []
[2025-12-11 09:03:53] REQUEST GET /admin/admin_api.php?action=stats BODY:  POST_KEYS: []
[2025-12-11 09:03:58] REQUEST GET /admin/admin_api.php?action=get_help_conversations BODY:  POST_KEYS: []
[2025-12-11 09:04:03] REQUEST GET /admin/admin_api.php?action=get_help_conversations BODY:  POST_KEYS: []
[2025-12-11 09:04:08] REQUEST GET /admin/admin_api.php?action=get_help_conversations BODY:  POST_KEYS: []
[2025-12-11 09:04:39] REQUEST GET /admin/admin_api.php?action=get_help_conversations BODY:  POST_KEYS: []
[2025-12-11 09:04:40] REQUEST GET /admin/admin_api.php?action=stats BODY:  POST_KEYS: []
[2025-12-11 09:05:39] REQUEST GET /admin/admin_api.php?action=get_help_conversations BODY:  POST_KEYS: []
[2025-12-11 09:05:39] REQUEST GET /admin/admin_api.php?action=stats BODY:  POST_KEYS: []
[2025-12-11 09:06:39] REQUEST GET /admin/admin_api.php?action=get_help_conversations BODY:  POST_KEYS: []
[2025-12-11 09:06:39] REQUEST GET /admin/admin_api.php?action=stats BODY:  POST_KEYS: []
[2025-12-11 09:07:39] REQUEST GET /admin/admin_api.php?action=get_help_conversations BODY:  POST_KEYS: []
[2025-12-11 09:07:39] REQUEST GET /admin/admin_api.php?action=stats BODY:  POST_KEYS: []
[2025-12-11 09:08:39] REQUEST GET /admin/admin_api.php?action=get_help_conversations BODY:  POST_KEYS: []
[2025-12-11 09:08:39] REQUEST GET /admin/admin_api.php?action=stats BODY:  POST_KEYS: []
[2025-12-11 09:09:00] REQUEST GET /admin/admin_api.php?action=get_help_conversations BODY:  POST_KEYS: []
[2025-12-11 09:09:00] REQUEST GET /admin/admin_api.php?action=stats BODY:  POST_KEYS: []
[2025-12-11 09:09:02] REQUEST POST /admin/admin_api.php BODY: {"action":"send_admin_reply","conversation_id":10,"conteudo":"dddd"} POST_KEYS: []
[2025-12-11 09:09:02] Campo "mensagem" atualizado para o utilizador da conversa 10
[2025-12-11 09:09:02] Resposta do admin enviada com sucesso: ID 33 na conversa 10
[2025-12-11 09:09:02] REQUEST GET /admin/admin_api.php?action=get_help_conversations BODY:  POST_KEYS: []
[2025-12-11 09:09:03] REQUEST GET /admin/admin_api.php?action=get_help_conversations BODY:  POST_KEYS: []
[2025-12-11 09:09:08] REQUEST GET /admin/admin_api.php?action=get_help_conversations BODY:  POST_KEYS: []
[2025-12-11 09:09:13] REQUEST GET /admin/admin_api.php?action=get_help_conversations BODY:  POST_KEYS: []
[2025-12-11 09:09:18] REQUEST GET /admin/admin_api.php?action=get_help_conversations BODY:  POST_KEYS: []
[2025-12-11 09:09:23] REQUEST GET /admin/admin_api.php?action=stats BODY:  POST_KEYS: []
[2025-12-11 09:09:23] REQUEST GET /admin/admin_api.php?action=get_help_conversations BODY:  POST_KEYS: []
[2025-12-11 09:09:28] REQUEST GET /admin/admin_api.php?action=get_help_conversations BODY:  POST_KEYS: []
[2025-12-11 09:09:33] REQUEST GET /admin/admin_api.php?action=get_help_conversations BODY:  POST_KEYS: []
[2025-12-11 09:09:38] REQUEST GET /admin/admin_api.php?action=get_help_conversations BODY:  POST_KEYS: []
[2025-12-11 09:09:43] REQUEST GET /admin/admin_api.php?action=get_help_conversations BODY:  POST_KEYS: []
[2025-12-11 09:09:48] REQUEST GET /admin/admin_api.php?action=get_help_conversations BODY:  POST_KEYS: []
[2025-12-11 09:09:53] REQUEST GET /admin/admin_api.php?action=stats BODY:  POST_KEYS: []
[2025-12-11 09:09:53] REQUEST GET /admin/admin_api.php?action=get_help_conversations BODY:  POST_KEYS: []
[2025-12-11 09:09:58] REQUEST GET /admin/admin_api.php?action=get_help_conversations BODY:  POST_KEYS: []
[2025-12-11 09:10:03] REQUEST GET /admin/admin_api.php?action=get_help_conversations BODY:  POST_KEYS: []
[2025-12-11 09:10:08] REQUEST GET /admin/admin_api.php?action=get_help_conversations BODY:  POST_KEYS: []
[2025-12-11 09:10:13] REQUEST GET /admin/admin_api.php?action=get_help_conversations BODY:  POST_KEYS: []
[2025-12-11 09:10:18] REQUEST GET /admin/admin_api.php?action=get_help_conversations BODY:  POST_KEYS: []
[2025-12-11 09:10:23] REQUEST GET /admin/admin_api.php?action=stats BODY:  POST_KEYS: []
[2025-12-11 09:10:23] REQUEST GET /admin/admin_api.php?action=get_help_conversations BODY:  POST_KEYS: []
[2025-12-11 09:10:28] REQUEST GET /admin/admin_api.php?action=get_help_conversations BODY:  POST_KEYS: []
[2025-12-11 09:10:33] REQUEST GET /admin/admin_api.php?action=get_help_conversations BODY:  POST_KEYS: []
[2025-12-11 09:10:38] REQUEST GET /admin/admin_api.php?action=get_help_conversations BODY:  POST_KEYS: []
[2025-12-11 09:10:43] REQUEST GET /admin/admin_api.php?action=get_help_conversations BODY:  POST_KEYS: []
[2025-12-11 09:10:49] REQUEST GET /admin/admin_api.php?action=get_help_conversations BODY:  POST_KEYS: []
[2025-12-11 09:10:53] REQUEST GET /admin/admin_api.php?action=stats BODY:  POST_KEYS: []
[2025-12-11 09:10:53] REQUEST GET /admin/admin_api.php?action=get_help_conversations BODY:  POST_KEYS: []
[2025-12-11 09:10:58] REQUEST GET /admin/admin_api.php?action=get_help_conversations BODY:  POST_KEYS: []
[2025-12-11 09:11:03] REQUEST GET /admin/admin_api.php?action=get_help_conversations BODY:  POST_KEYS: []
[2025-12-11 09:11:39] REQUEST GET /admin/admin_api.php?action=get_help_conversations BODY:  POST_KEYS: []
[2025-12-11 09:11:39] REQUEST GET /admin/admin_api.php?action=stats BODY:  POST_KEYS: []
[2025-12-11 09:12:39] REQUEST GET /admin/admin_api.php?action=get_help_conversations BODY:  POST_KEYS: []
[2025-12-11 09:12:40] REQUEST GET /admin/admin_api.php?action=stats BODY:  POST_KEYS: []
[2025-12-11 09:13:39] REQUEST GET /admin/admin_api.php?action=get_help_conversations BODY:  POST_KEYS: []
[2025-12-11 09:13:39] REQUEST GET /admin/admin_api.php?action=stats BODY:  POST_KEYS: []
[2025-12-11 09:14:39] REQUEST GET /admin/admin_api.php?action=get_help_conversations BODY:  POST_KEYS: []
[2025-12-11 09:14:39] REQUEST GET /admin/admin_api.php?action=stats BODY:  POST_KEYS: []
[2025-12-11 09:15:39] REQUEST GET /admin/admin_api.php?action=get_help_conversations BODY:  POST_KEYS: []
[2025-12-11 09:15:39] REQUEST GET /admin/admin_api.php?action=stats BODY:  POST_KEYS: []
[2025-12-11 09:16:39] REQUEST GET /admin/admin_api.php?action=get_help_conversations BODY:  POST_KEYS: []
[2025-12-11 09:16:39] REQUEST GET /admin/admin_api.php?action=stats BODY:  POST_KEYS: []
[2025-12-11 09:17:39] REQUEST GET /admin/admin_api.php?action=get_help_conversations BODY:  POST_KEYS: []
[2025-12-11 09:17:39] REQUEST GET /admin/admin_api.php?action=stats BODY:  POST_KEYS: []
[2025-12-11 09:18:39] REQUEST GET /admin/admin_api.php?action=get_help_conversations BODY:  POST_KEYS: []
[2025-12-11 09:18:39] REQUEST GET /admin/admin_api.php?action=stats BODY:  POST_KEYS: []
[2025-12-11 09:19:39] REQUEST GET /admin/admin_api.php?action=get_help_conversations BODY:  POST_KEYS: []
[2025-12-11 09:19:39] REQUEST GET /admin/admin_api.php?action=stats BODY:  POST_KEYS: []
[2025-12-11 09:20:39] REQUEST GET /admin/admin_api.php?action=get_help_conversations BODY:  POST_KEYS: []
[2025-12-11 09:20:39] REQUEST GET /admin/admin_api.php?action=stats BODY:  POST_KEYS: []
[2025-12-11 09:21:39] REQUEST GET /admin/admin_api.php?action=get_help_conversations BODY:  POST_KEYS: []
[2025-12-11 09:21:40] REQUEST GET /admin/admin_api.php?action=stats BODY:  POST_KEYS: []
[2025-12-11 09:22:39] REQUEST GET /admin/admin_api.php?action=get_help_conversations BODY:  POST_KEYS: []
[2025-12-11 09:22:39] REQUEST GET /admin/admin_api.php?action=stats BODY:  POST_KEYS: []
[2025-12-11 09:23:39] REQUEST GET /admin/admin_api.php?action=get_help_conversations BODY:  POST_KEYS: []
[2025-12-11 09:23:39] REQUEST GET /admin/admin_api.php?action=stats BODY:  POST_KEYS: []
[2025-12-11 09:24:39] REQUEST GET /admin/admin_api.php?action=get_help_conversations BODY:  POST_KEYS: []
[2025-12-11 09:24:39] REQUEST GET /admin/admin_api.php?action=stats BODY:  POST_KEYS: []
[2025-12-11 09:25:39] REQUEST GET /admin/admin_api.php?action=get_help_conversations BODY:  POST_KEYS: []
[2025-12-11 09:25:39] REQUEST GET /admin/admin_api.php?action=stats BODY:  POST_KEYS: []
[2025-12-11 09:26:39] REQUEST GET /admin/admin_api.php?action=get_help_conversations BODY:  POST_KEYS: []
[2025-12-11 09:26:39] REQUEST GET /admin/admin_api.php?action=stats BODY:  POST_KEYS: []
[2025-12-11 09:27:39] REQUEST GET /admin/admin_api.php?action=get_help_conversations BODY:  POST_KEYS: []
[2025-12-11 09:27:39] REQUEST GET /admin/admin_api.php?action=stats BODY:  POST_KEYS: []
[2025-12-11 09:28:39] REQUEST GET /admin/admin_api.php?action=get_help_conversations BODY:  POST_KEYS: []
[2025-12-11 09:28:39] REQUEST GET /admin/admin_api.php?action=stats BODY:  POST_KEYS: []
[2025-12-11 09:29:39] REQUEST GET /admin/admin_api.php?action=get_help_conversations BODY:  POST_KEYS: []
[2025-12-11 09:29:39] REQUEST GET /admin/admin_api.php?action=stats BODY:  POST_KEYS: []
[2025-12-11 09:30:39] REQUEST GET /admin/admin_api.php?action=get_help_conversations BODY:  POST_KEYS: []
[2025-12-11 09:30:39] REQUEST GET /admin/admin_api.php?action=stats BODY:  POST_KEYS: []
[2025-12-11 09:31:39] REQUEST GET /admin/admin_api.php?action=get_help_conversations BODY:  POST_KEYS: []
[2025-12-11 09:31:39] REQUEST GET /admin/admin_api.php?action=stats BODY:  POST_KEYS: []
[2025-12-11 09:32:39] REQUEST GET /admin/admin_api.php?action=get_help_conversations BODY:  POST_KEYS: []
[2025-12-11 09:32:40] REQUEST GET /admin/admin_api.php?action=stats BODY:  POST_KEYS: []
[2025-12-11 09:33:39] REQUEST GET /admin/admin_api.php?action=get_help_conversations BODY:  POST_KEYS: []
[2025-12-11 09:33:39] REQUEST GET /admin/admin_api.php?action=stats BODY:  POST_KEYS: []
[2025-12-11 09:34:39] REQUEST GET /admin/admin_api.php?action=get_help_conversations BODY:  POST_KEYS: []
[2025-12-11 09:34:39] REQUEST GET /admin/admin_api.php?action=stats BODY:  POST_KEYS: []
[2025-12-11 09:34:42] REQUEST GET /admin/admin_api.php?action=get_help_conversations BODY:  POST_KEYS: []
[2025-12-11 09:34:43] REQUEST GET /admin/admin_api.php?action=get_help_conversations BODY:  POST_KEYS: []
[2025-12-11 09:34:47] REQUEST POST /admin/admin_api.php BODY: {"action":"send_admin_reply","conversation_id":10,"conteudo":"f"} POST_KEYS: []
[2025-12-11 09:34:47] Linhas afetadas ao atualizar o campo "mensagem": 0
[2025-12-11 09:34:47] Tentativa de atualizar o campo "mensagem" para o utilizador da conversa 10
[2025-12-11 09:34:47] Resposta do admin enviada com sucesso: ID 34 na conversa 10
[2025-12-11 09:34:47] REQUEST GET /admin/admin_api.php?action=get_help_conversations BODY:  POST_KEYS: []
[2025-12-11 09:34:48] REQUEST GET /admin/admin_api.php?action=get_help_conversations BODY:  POST_KEYS: []
[2025-12-11 09:34:53] REQUEST GET /admin/admin_api.php?action=get_help_conversations BODY:  POST_KEYS: []
[2025-12-11 09:34:58] REQUEST GET /admin/admin_api.php?action=get_help_conversations BODY:  POST_KEYS: []
[2025-12-11 09:35:03] REQUEST GET /admin/admin_api.php?action=get_help_conversations BODY:  POST_KEYS: []
[2025-12-11 09:35:08] REQUEST GET /admin/admin_api.php?action=get_help_conversations BODY:  POST_KEYS: []
[2025-12-11 09:35:13] REQUEST GET /admin/admin_api.php?action=stats BODY:  POST_KEYS: []
[2025-12-11 09:35:13] REQUEST GET /admin/admin_api.php?action=get_help_conversations BODY:  POST_KEYS: []
[2025-12-11 09:35:18] REQUEST GET /admin/admin_api.php?action=get_help_conversations BODY:  POST_KEYS: []
[2025-12-11 09:35:23] REQUEST GET /admin/admin_api.php?action=get_help_conversations BODY:  POST_KEYS: []
[2025-12-11 09:35:28] REQUEST GET /admin/admin_api.php?action=get_help_conversations BODY:  POST_KEYS: []
[2025-12-11 09:35:33] REQUEST GET /admin/admin_api.php?action=get_help_conversations BODY:  POST_KEYS: []
[2025-12-11 09:35:38] REQUEST GET /admin/admin_api.php?action=get_help_conversations BODY:  POST_KEYS: []
[2025-12-11 09:35:43] REQUEST GET /admin/admin_api.php?action=stats BODY:  POST_KEYS: []
[2025-12-11 09:35:43] REQUEST GET /admin/admin_api.php?action=get_help_conversations BODY:  POST_KEYS: []
[2025-12-11 09:35:48] REQUEST GET /admin/admin_api.php?action=get_help_conversations BODY:  POST_KEYS: []
[2025-12-11 09:35:53] REQUEST GET /admin/admin_api.php?action=get_help_conversations BODY:  POST_KEYS: []
[2025-12-11 09:36:13] REQUEST GET /admin/admin_api.php?action=stats BODY:  POST_KEYS: []
[2025-12-11 09:36:39] REQUEST GET /admin/admin_api.php?action=get_help_conversations BODY:  POST_KEYS: []
[2025-12-11 09:36:43] REQUEST GET /admin/admin_api.php?action=stats BODY:  POST_KEYS: []
[2025-12-11 09:37:13] REQUEST GET /admin/admin_api.php?action=stats BODY:  POST_KEYS: []
[2025-12-11 09:37:39] REQUEST GET /admin/admin_api.php?action=get_help_conversations BODY:  POST_KEYS: []
[2025-12-11 09:37:43] REQUEST GET /admin/admin_api.php?action=stats BODY:  POST_KEYS: []
[2025-12-11 09:38:39] REQUEST GET /admin/admin_api.php?action=get_help_conversations BODY:  POST_KEYS: []
[2025-12-11 09:38:39] REQUEST GET /admin/admin_api.php?action=stats BODY:  POST_KEYS: []
[2025-12-11 09:39:39] REQUEST GET /admin/admin_api.php?action=stats BODY:  POST_KEYS: []
[2025-12-11 09:39:39] REQUEST GET /admin/admin_api.php?action=get_help_conversations BODY:  POST_KEYS: []
[2025-12-11 09:40:39] REQUEST GET /admin/admin_api.php?action=stats BODY:  POST_KEYS: []
[2025-12-11 09:40:39] REQUEST GET /admin/admin_api.php?action=get_help_conversations BODY:  POST_KEYS: []
[2025-12-11 09:41:39] REQUEST GET /admin/admin_api.php?action=get_help_conversations BODY:  POST_KEYS: []
[2025-12-11 09:41:40] REQUEST GET /admin/admin_api.php?action=stats BODY:  POST_KEYS: []
[2025-12-11 09:42:39] REQUEST GET /admin/admin_api.php?action=stats BODY:  POST_KEYS: []
[2025-12-11 09:42:40] REQUEST GET /admin/admin_api.php?action=get_help_conversations BODY:  POST_KEYS: []
[2025-12-11 09:49:59] REQUEST GET /admin/admin_api.php?action=get_help_conversations BODY:  POST_KEYS: []
[2025-12-11 09:50:04] REQUEST POST /admin/admin_api.php BODY: {"action":"send_admin_reply","conversation_id":10,"conteudo":"d"} POST_KEYS: []
[2025-12-11 09:50:04] Encontrado id_utilizador: 32 para a conversa 10. A atualizar 'mensagem' para 1.
[2025-12-11 09:50:04] UPDATE executado com sucesso. Linhas afetadas: 0
[2025-12-11 09:50:04] Resposta do admin enviada com sucesso: ID 35 na conversa 10
[2025-12-11 09:50:04] REQUEST GET /admin/admin_api.php?action=get_help_conversations BODY:  POST_KEYS: []
[2025-12-11 09:50:04] REQUEST GET /admin/admin_api.php?action=get_help_conversations BODY:  POST_KEYS: []
[2025-12-11 09:50:10] REQUEST GET /admin/admin_api.php?action=get_help_conversations BODY:  POST_KEYS: []
[2025-12-11 09:50:15] REQUEST GET /admin/admin_api.php?action=get_help_conversations BODY:  POST_KEYS: []
[2025-12-11 09:50:20] REQUEST GET /admin/admin_api.php?action=get_help_conversations BODY:  POST_KEYS: []
[2025-12-11 09:50:25] REQUEST GET /admin/admin_api.php?action=get_help_conversations BODY:  POST_KEYS: []
[2025-12-11 09:50:30] REQUEST GET /admin/admin_api.php?action=get_help_conversations BODY:  POST_KEYS: []
[2025-12-11 09:50:30] REQUEST GET /admin/admin_api.php?action=stats BODY:  POST_KEYS: []
[2025-12-11 09:50:35] REQUEST GET /admin/admin_api.php?action=get_help_conversations BODY:  POST_KEYS: []
[2025-12-11 09:50:40] REQUEST GET /admin/admin_api.php?action=get_help_conversations BODY:  POST_KEYS: []
[2025-12-11 09:50:45] REQUEST GET /admin/admin_api.php?action=get_help_conversations BODY:  POST_KEYS: []
[2025-12-11 09:50:50] REQUEST GET /admin/admin_api.php?action=get_help_conversations BODY:  POST_KEYS: []
[2025-12-11 09:50:55] REQUEST GET /admin/admin_api.php?action=get_help_conversations BODY:  POST_KEYS: []
[2025-12-11 09:51:00] REQUEST GET /admin/admin_api.php?action=stats BODY:  POST_KEYS: []
[2025-12-11 09:51:00] REQUEST GET /admin/admin_api.php?action=get_help_conversations BODY:  POST_KEYS: []
[2025-12-11 09:51:05] REQUEST GET /admin/admin_api.php?action=get_help_conversations BODY:  POST_KEYS: []
[2025-12-11 09:51:10] REQUEST GET /admin/admin_api.php?action=get_help_conversations BODY:  POST_KEYS: []
[2025-12-11 09:51:22] REQUEST GET /admin/admin_api.php?action=get_help_conversations BODY:  POST_KEYS: []
[2025-12-11 09:51:30] REQUEST GET /admin/admin_api.php?action=stats BODY:  POST_KEYS: []
[2025-12-11 09:52:00] REQUEST GET /admin/admin_api.php?action=stats BODY:  POST_KEYS: []
[2025-12-11 09:52:22] REQUEST GET /admin/admin_api.php?action=get_help_conversations BODY:  POST_KEYS: []
[2025-12-11 09:52:30] REQUEST GET /admin/admin_api.php?action=stats BODY:  POST_KEYS: []
[2025-12-11 09:53:00] REQUEST GET /admin/admin_api.php?action=stats BODY:  POST_KEYS: []
[2025-12-11 09:53:22] REQUEST GET /admin/admin_api.php?action=get_help_conversations BODY:  POST_KEYS: []
[2025-12-11 09:54:22] REQUEST GET /admin/admin_api.php?action=get_help_conversations BODY:  POST_KEYS: []
[2025-12-11 09:54:22] REQUEST GET /admin/admin_api.php?action=stats BODY:  POST_KEYS: []
[2025-12-11 09:54:31] REQUEST GET /admin/admin_api.php?action=get_help_conversations BODY:  POST_KEYS: []
[2025-12-11 09:54:31] REQUEST GET /admin/admin_api.php?action=stats BODY:  POST_KEYS: []
[2025-12-11 09:54:33] REQUEST GET /admin/admin_api.php?action=get_help_conversations BODY:  POST_KEYS: []
[2025-12-11 09:54:37] REQUEST POST /admin/admin_api.php BODY: {"action":"send_admin_reply","conversation_id":10,"conteudo":"dddd"} POST_KEYS: []
[2025-12-11 09:54:37] A atualizar 'mensagem' para 1 para o id_utilizador: 32.
[2025-12-11 09:54:37] UPDATE de utilizador executado. Linhas afetadas: 0
[2025-12-11 09:54:37] Resposta do admin enviada com sucesso: ID 36 na conversa 10
[2025-12-11 09:54:37] REQUEST GET /admin/admin_api.php?action=get_help_conversations BODY:  POST_KEYS: []
[2025-12-11 09:54:38] REQUEST GET /admin/admin_api.php?action=get_help_conversations BODY:  POST_KEYS: []
[2025-12-11 09:54:44] REQUEST GET /admin/admin_api.php?action=get_help_conversations BODY:  POST_KEYS: []
[2025-12-11 09:54:49] REQUEST GET /admin/admin_api.php?action=get_help_conversations BODY:  POST_KEYS: []
[2025-12-11 09:54:54] REQUEST GET /admin/admin_api.php?action=get_help_conversations BODY:  POST_KEYS: []
[2025-12-11 09:54:59] REQUEST GET /admin/admin_api.php?action=get_help_conversations BODY:  POST_KEYS: []
[2025-12-11 09:55:04] REQUEST GET /admin/admin_api.php?action=stats BODY:  POST_KEYS: []
[2025-12-11 09:55:04] REQUEST GET /admin/admin_api.php?action=get_help_conversations BODY:  POST_KEYS: []
[2025-12-11 09:55:09] REQUEST GET /admin/admin_api.php?action=get_help_conversations BODY:  POST_KEYS: []
[2025-12-11 09:55:14] REQUEST GET /admin/admin_api.php?action=get_help_conversations BODY:  POST_KEYS: []
[2025-12-11 09:55:19] REQUEST GET /admin/admin_api.php?action=get_help_conversations BODY:  POST_KEYS: []
[2025-12-11 09:55:24] REQUEST GET /admin/admin_api.php?action=get_help_conversations BODY:  POST_KEYS: []
[2025-12-11 09:55:29] REQUEST GET /admin/admin_api.php?action=get_help_conversations BODY:  POST_KEYS: []
[2025-12-11 09:55:34] REQUEST GET /admin/admin_api.php?action=get_help_conversations BODY:  POST_KEYS: []
[2025-12-11 09:55:34] REQUEST GET /admin/admin_api.php?action=stats BODY:  POST_KEYS: []
[2025-12-11 09:55:39] REQUEST GET /admin/admin_api.php?action=get_help_conversations BODY:  POST_KEYS: []
[2025-12-11 09:56:04] REQUEST GET /admin/admin_api.php?action=stats BODY:  POST_KEYS: []
[2025-12-11 09:56:23] REQUEST GET /admin/admin_api.php?action=get_help_conversations BODY:  POST_KEYS: []
[2025-12-11 09:56:34] REQUEST GET /admin/admin_api.php?action=stats BODY:  POST_KEYS: []
[2025-12-11 09:57:04] REQUEST GET /admin/admin_api.php?action=stats BODY:  POST_KEYS: []
[2025-12-11 09:57:22] REQUEST GET /admin/admin_api.php?action=get_help_conversations BODY:  POST_KEYS: []
[2025-12-11 09:57:34] REQUEST GET /admin/admin_api.php?action=stats BODY:  POST_KEYS: []
[2025-12-11 09:58:22] REQUEST GET /admin/admin_api.php?action=get_help_conversations BODY:  POST_KEYS: []
[2025-12-11 09:58:23] REQUEST GET /admin/admin_api.php?action=stats BODY:  POST_KEYS: []
[2025-12-11 09:59:22] REQUEST GET /admin/admin_api.php?action=get_help_conversations BODY:  POST_KEYS: []
[2025-12-11 09:59:22] REQUEST GET /admin/admin_api.php?action=stats BODY:  POST_KEYS: []
[2025-12-11 10:00:22] REQUEST GET /admin/admin_api.php?action=get_help_conversations BODY:  POST_KEYS: []
[2025-12-11 10:00:23] REQUEST GET /admin/admin_api.php?action=stats BODY:  POST_KEYS: []
[2025-12-11 10:01:22] REQUEST GET /admin/admin_api.php?action=get_help_conversations BODY:  POST_KEYS: []
[2025-12-11 10:01:22] REQUEST GET /admin/admin_api.php?action=stats BODY:  POST_KEYS: []
[2025-12-11 10:02:22] REQUEST GET /admin/admin_api.php?action=get_help_conversations BODY:  POST_KEYS: []
[2025-12-11 10:02:23] REQUEST GET /admin/admin_api.php?action=stats BODY:  POST_KEYS: []
[2025-12-11 10:03:22] REQUEST GET /admin/admin_api.php?action=get_help_conversations BODY:  POST_KEYS: []
[2025-12-11 10:03:22] REQUEST GET /admin/admin_api.php?action=stats BODY:  POST_KEYS: []
[2025-12-11 10:04:22] REQUEST GET /admin/admin_api.php?action=get_help_conversations BODY:  POST_KEYS: []
[2025-12-11 10:04:22] REQUEST GET /admin/admin_api.php?action=stats BODY:  POST_KEYS: []
[2025-12-14 00:48:35] REQUEST GET /admin/admin_api.php?action=get_help_conversations BODY:  POST_KEYS: []
[2025-12-14 00:48:35] REQUEST GET /admin/admin_api.php?action=stats BODY:  POST_KEYS: []
[2025-12-14 00:49:35] REQUEST GET /admin/admin_api.php?action=get_help_conversations BODY:  POST_KEYS: []
[2025-12-14 00:49:35] REQUEST GET /admin/admin_api.php?action=stats BODY:  POST_KEYS: []
[2025-12-14 00:50:35] REQUEST GET /admin/admin_api.php?action=get_help_conversations BODY:  POST_KEYS: []
[2025-12-14 00:50:35] REQUEST GET /admin/admin_api.php?action=stats BODY:  POST_KEYS: []
[2025-12-14 00:51:35] REQUEST GET /admin/admin_api.php?action=get_help_conversations BODY:  POST_KEYS: []
[2025-12-14 00:51:35] REQUEST GET /admin/admin_api.php?action=stats BODY:  POST_KEYS: []
[2025-12-14 00:52:32] REQUEST GET /admin/admin_api.php?action=get_help_conversations BODY:  POST_KEYS: []
[2025-12-14 00:52:32] REQUEST GET /admin/admin_api.php?action=stats BODY:  POST_KEYS: []
[2025-12-14 00:52:33] REQUEST GET /admin/admin_api.php?action=get_help_conversations BODY:  POST_KEYS: []
[2025-12-14 00:52:37] REQUEST POST /admin/admin_api.php BODY: {"action":"send_admin_reply","conversation_id":10,"conteudo":"wwwwwwwwwwwwwwwwwww"} POST_KEYS: []
[2025-12-14 00:52:37] Tentando atualizar 'mensagem' para o id_utilizador: 32.
[2025-12-14 00:52:37] UPDATE de utilizador executado para ID 32. Linhas afetadas: 0
[2025-12-14 00:52:37] Aviso: Nenhuma linha foi atualizada para o utilizador ID 32. O valor 'mensagem' talvez já fosse 1.
[2025-12-14 00:52:37] Resposta do admin enviada com sucesso: ID 40 na conversa 10
[2025-12-14 00:52:37] REQUEST GET /admin/admin_api.php?action=get_help_conversations BODY:  POST_KEYS: []
[2025-12-14 00:52:39] REQUEST GET /admin/admin_api.php?action=get_help_conversations BODY:  POST_KEYS: []
[2025-12-14 00:52:44] REQUEST GET /admin/admin_api.php?action=get_help_conversations BODY:  POST_KEYS: []
[2025-12-16 14:31:13] REQUEST GET /admin/admin_api.php?action=get_help_conversations BODY:  POST_KEYS: []
[2025-12-16 14:31:18] REQUEST GET /admin/admin_api.php?action=get_help_conversations BODY:  POST_KEYS: []
[2025-12-16 14:31:28] REQUEST GET /admin/admin_api.php?action=get_help_conversations BODY:  POST_KEYS: []
[2025-12-16 14:31:33] REQUEST GET /admin/admin_api.php?action=get_help_conversations BODY:  POST_KEYS: []
[2026-01-04 17:01:18] REQUEST GET /admin/admin_api.php?action=get_help_conversations BODY:  POST_KEYS: []
[2026-01-04 17:01:23] REQUEST GET /admin/admin_api.php?action=get_help_conversations BODY:  POST_KEYS: []
[2026-01-04 17:01:30] REQUEST GET /admin/admin_api.php?action=get_help_conversations BODY:  POST_KEYS: []
[2026-01-05 19:18:12] REQUEST GET /admin/admin_api.php?action=get_help_conversations BODY:  POST_KEYS: []
[2026-01-05 19:18:35] REQUEST GET /admin/admin_api.php?action=get_help_conversations BODY:  POST_KEYS: []
[2026-01-05 19:18:41] REQUEST GET /admin/admin_api.php?action=get_help_conversations BODY:  POST_KEYS: []
[2026-01-05 19:18:47] REQUEST GET /admin/admin_api.php?action=get_help_conversations BODY:  POST_KEYS: []
[2026-01-05 19:18:53] REQUEST GET /admin/admin_api.php?action=get_help_conversations BODY:  POST_KEYS: []
[2026-01-05 19:18:56] REQUEST GET /admin/admin_api.php?action=get_help_conversations BODY:  POST_KEYS: []
[2026-01-05 19:19:00] REQUEST GET /admin/admin_api.php?action=get_help_conversations BODY:  POST_KEYS: []
[2026-01-05 19:19:14] REQUEST GET /admin/admin_api.php?action=stats BODY:  POST_KEYS: []
[2026-01-05 19:19:40] REQUEST GET /admin/admin_api.php?action=get_help_conversations BODY:  POST_KEYS: []
[2026-01-05 19:19:41] REQUEST GET /admin/admin_api.php?action=stats BODY:  POST_KEYS: []
[2026-01-05 19:19:45] REQUEST GET /admin/admin_api.php?action=get_help_conversations BODY:  POST_KEYS: []
[2026-01-05 19:19:50] REQUEST GET /admin/admin_api.php?action=get_help_conversations BODY:  POST_KEYS: []
[2026-01-05 19:20:45] REQUEST GET /admin/admin_api.php?action=get_help_conversations BODY:  POST_KEYS: []
[2026-01-05 19:20:45] REQUEST GET /admin/admin_api.php?action=stats BODY:  POST_KEYS: []
[2026-01-05 19:20:50] REQUEST GET /admin/admin_api.php?action=get_help_conversations BODY:  POST_KEYS: []
[2026-01-05 19:20:55] REQUEST GET /admin/admin_api.php?action=get_help_conversations BODY:  POST_KEYS: []
[2026-01-05 19:21:02] REQUEST GET /admin/admin_api.php?action=get_help_conversations BODY:  POST_KEYS: []
[2026-01-05 19:21:06] REQUEST GET /admin/admin_api.php?action=stats BODY:  POST_KEYS: []
[2026-01-05 19:21:06] REQUEST GET /admin/admin_api.php?action=get_help_conversations BODY:  POST_KEYS: []
[2026-01-05 19:29:51] REQUEST GET /admin/admin_api.php?action=get_help_conversations BODY:  POST_KEYS: []
[2026-01-05 19:29:51] REQUEST GET /admin/admin_api.php?action=stats BODY:  POST_KEYS: []
[2026-01-05 19:29:57] REQUEST GET /admin/admin_api.php?action=get_help_conversations BODY:  POST_KEYS: []
[2026-01-05 19:30:06] REQUEST GET /admin/admin_api.php?action=stats BODY:  POST_KEYS: []
[2026-01-05 19:30:57] REQUEST GET /admin/admin_api.php?action=get_help_conversations BODY:  POST_KEYS: []
[2026-01-05 19:30:57] REQUEST GET /admin/admin_api.php?action=stats BODY:  POST_KEYS: []
[2026-01-05 19:31:06] REQUEST GET /admin/admin_api.php?action=stats BODY:  POST_KEYS: []
[2026-01-05 19:31:07] REQUEST GET /admin/admin_api.php?action=get_help_conversations BODY:  POST_KEYS: []
[2026-01-05 19:31:11] REQUEST GET /admin/admin_api.php?action=get_help_conversations BODY:  POST_KEYS: []
[2026-01-05 19:31:15] REQUEST GET /admin/admin_api.php?action=get_help_conversations BODY:  POST_KEYS: []
[2026-01-05 19:31:20] REQUEST GET /admin/admin_api.php?action=get_help_conversations BODY:  POST_KEYS: []
[2026-01-05 19:31:25] REQUEST GET /admin/admin_api.php?action=get_help_conversations BODY:  POST_KEYS: []
[2026-01-05 19:31:30] REQUEST GET /admin/admin_api.php?action=get_help_conversations BODY:  POST_KEYS: []
[2026-01-05 19:31:36] REQUEST GET /admin/admin_api.php?action=get_help_conversations BODY:  POST_KEYS: []
[2026-01-05 19:31:36] REQUEST GET /admin/admin_api.php?action=stats BODY:  POST_KEYS: []
[2026-01-05 19:31:40] REQUEST GET /admin/admin_api.php?action=get_help_conversations BODY:  POST_KEYS: []
[2026-01-05 19:31:45] REQUEST GET /admin/admin_api.php?action=get_help_conversations BODY:  POST_KEYS: []
[2026-01-05 19:31:50] REQUEST GET /admin/admin_api.php?action=get_help_conversations BODY:  POST_KEYS: []
[2026-01-05 19:31:56] REQUEST GET /admin/admin_api.php?action=get_help_conversations BODY:  POST_KEYS: []
[2026-01-05 19:32:00] REQUEST GET /admin/admin_api.php?action=get_help_conversations BODY:  POST_KEYS: []
[2026-01-05 19:32:05] REQUEST GET /admin/admin_api.php?action=stats BODY:  POST_KEYS: []
[2026-01-05 19:32:05] REQUEST GET /admin/admin_api.php?action=get_help_conversations BODY:  POST_KEYS: []
[2026-01-05 19:32:57] REQUEST GET /admin/admin_api.php?action=get_help_conversations BODY:  POST_KEYS: []
[2026-01-05 19:32:58] REQUEST GET /admin/admin_api.php?action=stats BODY:  POST_KEYS: []
[2026-01-05 19:33:57] REQUEST GET /admin/admin_api.php?action=get_help_conversations BODY:  POST_KEYS: []
[2026-01-05 19:33:58] REQUEST GET /admin/admin_api.php?action=stats BODY:  POST_KEYS: []
[2026-01-05 19:34:57] REQUEST GET /admin/admin_api.php?action=get_help_conversations BODY:  POST_KEYS: []
[2026-01-05 19:34:57] REQUEST GET /admin/admin_api.php?action=stats BODY:  POST_KEYS: []
[2026-01-05 19:35:29] REQUEST GET /admin/admin_api.php?action=get_help_conversations BODY:  POST_KEYS: []
[2026-01-05 19:35:29] REQUEST GET /admin/admin_api.php?action=stats BODY:  POST_KEYS: []
[2026-01-05 19:35:30] REQUEST GET /admin/admin_api.php?action=get_help_conversations BODY:  POST_KEYS: []
[2026-01-05 19:35:36] REQUEST GET /admin/admin_api.php?action=get_help_conversations BODY:  POST_KEYS: []
[2026-01-05 19:35:36] REQUEST GET /admin/admin_api.php?action=stats BODY:  POST_KEYS: []
[2026-01-05 19:35:40] REQUEST GET /admin/admin_api.php?action=get_help_conversations BODY:  POST_KEYS: []
[2026-01-05 19:35:45] REQUEST GET /admin/admin_api.php?action=get_help_conversations BODY:  POST_KEYS: []
[2026-01-05 19:35:50] REQUEST GET /admin/admin_api.php?action=get_help_conversations BODY:  POST_KEYS: []
[2026-01-05 19:35:55] REQUEST GET /admin/admin_api.php?action=get_help_conversations BODY:  POST_KEYS: []
[2026-01-05 19:36:00] REQUEST GET /admin/admin_api.php?action=get_help_conversations BODY:  POST_KEYS: []
[2026-01-05 19:36:06] REQUEST GET /admin/admin_api.php?action=get_help_conversations BODY:  POST_KEYS: []
[2026-01-05 19:36:06] REQUEST GET /admin/admin_api.php?action=stats BODY:  POST_KEYS: []
[2026-01-05 19:36:10] REQUEST GET /admin/admin_api.php?action=get_help_conversations BODY:  POST_KEYS: []
[2026-01-05 19:36:16] REQUEST GET /admin/admin_api.php?action=get_help_conversations BODY:  POST_KEYS: []
[2026-01-05 19:36:20] REQUEST GET /admin/admin_api.php?action=get_help_conversations BODY:  POST_KEYS: []
[2026-01-05 19:36:26] REQUEST GET /admin/admin_api.php?action=get_help_conversations BODY:  POST_KEYS: []
[2026-01-05 19:36:57] REQUEST GET /admin/admin_api.php?action=get_help_conversations BODY:  POST_KEYS: []
[2026-01-05 19:36:57] REQUEST GET /admin/admin_api.php?action=stats BODY:  POST_KEYS: []
[2026-01-05 19:37:57] REQUEST GET /admin/admin_api.php?action=get_help_conversations BODY:  POST_KEYS: []
[2026-01-05 19:37:58] REQUEST GET /admin/admin_api.php?action=stats BODY:  POST_KEYS: []
[2026-01-05 19:38:57] REQUEST GET /admin/admin_api.php?action=get_help_conversations BODY:  POST_KEYS: []
[2026-01-05 19:38:57] REQUEST GET /admin/admin_api.php?action=stats BODY:  POST_KEYS: []
[2026-01-05 19:39:57] REQUEST GET /admin/admin_api.php?action=get_help_conversations BODY:  POST_KEYS: []
[2026-01-05 19:39:57] REQUEST GET /admin/admin_api.php?action=stats BODY:  POST_KEYS: []
[2026-01-05 19:40:57] REQUEST GET /admin/admin_api.php?action=get_help_conversations BODY:  POST_KEYS: []
[2026-01-05 19:40:57] REQUEST GET /admin/admin_api.php?action=stats BODY:  POST_KEYS: []
[2026-01-05 19:41:57] REQUEST GET /admin/admin_api.php?action=get_help_conversations BODY:  POST_KEYS: []
[2026-01-05 19:41:58] REQUEST GET /admin/admin_api.php?action=stats BODY:  POST_KEYS: []
[2026-01-05 19:42:57] REQUEST GET /admin/admin_api.php?action=get_help_conversations BODY:  POST_KEYS: []
[2026-01-05 19:42:57] REQUEST GET /admin/admin_api.php?action=stats BODY:  POST_KEYS: []
[2026-01-05 19:43:57] REQUEST GET /admin/admin_api.php?action=get_help_conversations BODY:  POST_KEYS: []
[2026-01-05 19:43:58] REQUEST GET /admin/admin_api.php?action=stats BODY:  POST_KEYS: []
[2026-01-05 19:44:57] REQUEST GET /admin/admin_api.php?action=stats BODY:  POST_KEYS: []
[2026-01-05 19:44:58] REQUEST GET /admin/admin_api.php?action=get_help_conversations BODY:  POST_KEYS: []
[2026-01-05 19:45:57] REQUEST GET /admin/admin_api.php?action=get_help_conversations BODY:  POST_KEYS: []
[2026-01-05 19:45:57] REQUEST GET /admin/admin_api.php?action=stats BODY:  POST_KEYS: []
[2026-01-05 19:46:57] REQUEST GET /admin/admin_api.php?action=stats BODY:  POST_KEYS: []
[2026-01-05 19:46:58] REQUEST GET /admin/admin_api.php?action=get_help_conversations BODY:  POST_KEYS: []
[2026-01-05 19:47:57] REQUEST GET /admin/admin_api.php?action=get_help_conversations BODY:  POST_KEYS: []
[2026-01-05 19:47:57] REQUEST GET /admin/admin_api.php?action=stats BODY:  POST_KEYS: []
[2026-01-05 19:48:57] REQUEST GET /admin/admin_api.php?action=get_help_conversations BODY:  POST_KEYS: []
[2026-01-05 19:48:58] REQUEST GET /admin/admin_api.php?action=stats BODY:  POST_KEYS: []
[2026-01-05 19:49:57] REQUEST GET /admin/admin_api.php?action=get_help_conversations BODY:  POST_KEYS: []
[2026-01-05 19:49:58] REQUEST GET /admin/admin_api.php?action=stats BODY:  POST_KEYS: []
[2026-01-05 19:50:57] REQUEST GET /admin/admin_api.php?action=get_help_conversations BODY:  POST_KEYS: []
[2026-01-05 19:50:57] REQUEST GET /admin/admin_api.php?action=stats BODY:  POST_KEYS: []
[2026-01-05 19:51:57] REQUEST GET /admin/admin_api.php?action=get_help_conversations BODY:  POST_KEYS: []
[2026-01-05 19:51:58] REQUEST GET /admin/admin_api.php?action=stats BODY:  POST_KEYS: []
[2026-01-05 19:52:57] REQUEST GET /admin/admin_api.php?action=get_help_conversations BODY:  POST_KEYS: []
[2026-01-05 19:52:58] REQUEST GET /admin/admin_api.php?action=stats BODY:  POST_KEYS: []
[2026-01-05 19:53:57] REQUEST GET /admin/admin_api.php?action=get_help_conversations BODY:  POST_KEYS: []
[2026-01-05 19:53:57] REQUEST GET /admin/admin_api.php?action=stats BODY:  POST_KEYS: []
[2026-01-05 19:54:57] REQUEST GET /admin/admin_api.php?action=get_help_conversations BODY:  POST_KEYS: []
[2026-01-05 19:54:57] REQUEST GET /admin/admin_api.php?action=stats BODY:  POST_KEYS: []
[2026-01-05 19:55:57] REQUEST GET /admin/admin_api.php?action=get_help_conversations BODY:  POST_KEYS: []
[2026-01-05 19:55:57] REQUEST GET /admin/admin_api.php?action=stats BODY:  POST_KEYS: []
[2026-01-05 19:56:57] REQUEST GET /admin/admin_api.php?action=get_help_conversations BODY:  POST_KEYS: []
[2026-01-05 19:56:57] REQUEST GET /admin/admin_api.php?action=stats BODY:  POST_KEYS: []
[2026-01-05 19:57:57] REQUEST GET /admin/admin_api.php?action=get_help_conversations BODY:  POST_KEYS: []
[2026-01-05 19:57:57] REQUEST GET /admin/admin_api.php?action=stats BODY:  POST_KEYS: []
[2026-01-05 19:58:57] REQUEST GET /admin/admin_api.php?action=get_help_conversations BODY:  POST_KEYS: []
[2026-01-05 19:58:57] REQUEST GET /admin/admin_api.php?action=stats BODY:  POST_KEYS: []
[2026-01-05 19:59:57] REQUEST GET /admin/admin_api.php?action=get_help_conversations BODY:  POST_KEYS: []
[2026-01-05 19:59:57] REQUEST GET /admin/admin_api.php?action=stats BODY:  POST_KEYS: []
[2026-01-05 20:00:57] REQUEST GET /admin/admin_api.php?action=get_help_conversations BODY:  POST_KEYS: []
[2026-01-05 20:00:57] REQUEST GET /admin/admin_api.php?action=stats BODY:  POST_KEYS: []
[2026-01-05 20:01:01] REQUEST GET /admin/admin_api.php?action=get_help_conversations BODY:  POST_KEYS: []
[2026-01-05 20:01:05] REQUEST GET /admin/admin_api.php?action=stats BODY:  POST_KEYS: []
[2026-01-05 20:01:05] REQUEST GET /admin/admin_api.php?action=get_help_conversations BODY:  POST_KEYS: []
[2026-01-05 20:01:10] REQUEST GET /admin/admin_api.php?action=get_help_conversations BODY:  POST_KEYS: []
[2026-01-05 20:01:15] REQUEST GET /admin/admin_api.php?action=get_help_conversations BODY:  POST_KEYS: []
[2026-01-05 20:01:20] REQUEST GET /admin/admin_api.php?action=get_help_conversations BODY:  POST_KEYS: []
[2026-01-05 20:01:26] REQUEST GET /admin/admin_api.php?action=get_help_conversations BODY:  POST_KEYS: []
[2026-01-05 20:01:30] REQUEST GET /admin/admin_api.php?action=get_help_conversations BODY:  POST_KEYS: []
[2026-01-05 20:01:35] REQUEST GET /admin/admin_api.php?action=get_help_conversations BODY:  POST_KEYS: []
[2026-01-05 20:01:35] REQUEST GET /admin/admin_api.php?action=stats BODY:  POST_KEYS: []
[2026-01-05 20:01:40] REQUEST GET /admin/admin_api.php?action=get_help_conversations BODY:  POST_KEYS: []
[2026-01-05 20:01:46] REQUEST GET /admin/admin_api.php?action=get_help_conversations BODY:  POST_KEYS: []
[2026-01-05 20:01:51] REQUEST GET /admin/admin_api.php?action=get_help_conversations BODY:  POST_KEYS: []
[2026-01-05 20:01:56] REQUEST GET /admin/admin_api.php?action=get_help_conversations BODY:  POST_KEYS: []
[2026-01-05 20:02:01] REQUEST GET /admin/admin_api.php?action=get_help_conversations BODY:  POST_KEYS: []
[2026-01-05 20:02:06] REQUEST GET /admin/admin_api.php?action=get_help_conversations BODY:  POST_KEYS: []
[2026-01-05 20:02:06] REQUEST GET /admin/admin_api.php?action=stats BODY:  POST_KEYS: []
[2026-01-05 20:02:11] REQUEST GET /admin/admin_api.php?action=get_help_conversations BODY:  POST_KEYS: []
[2026-01-05 20:02:16] REQUEST GET /admin/admin_api.php?action=get_help_conversations BODY:  POST_KEYS: []
[2026-01-05 20:02:21] REQUEST GET /admin/admin_api.php?action=get_help_conversations BODY:  POST_KEYS: []
[2026-01-05 20:02:26] REQUEST GET /admin/admin_api.php?action=get_help_conversations BODY:  POST_KEYS: []
[2026-01-05 20:02:31] REQUEST GET /admin/admin_api.php?action=get_help_conversations BODY:  POST_KEYS: []
[2026-01-05 20:02:36] REQUEST GET /admin/admin_api.php?action=stats BODY:  POST_KEYS: []
[2026-01-05 20:02:36] REQUEST GET /admin/admin_api.php?action=get_help_conversations BODY:  POST_KEYS: []
[2026-01-05 20:02:41] REQUEST GET /admin/admin_api.php?action=get_help_conversations BODY:  POST_KEYS: []
[2026-01-05 20:02:57] REQUEST GET /admin/admin_api.php?action=get_help_conversations BODY:  POST_KEYS: []
[2026-01-05 20:03:57] REQUEST GET /admin/admin_api.php?action=get_help_conversations BODY:  POST_KEYS: []
[2026-01-05 20:03:58] REQUEST GET /admin/admin_api.php?action=stats BODY:  POST_KEYS: []
[2026-01-05 20:04:50] REQUEST GET /admin/admin_api.php?action=get_help_conversations BODY:  POST_KEYS: []
[2026-01-05 20:04:50] REQUEST GET /admin/admin_api.php?action=stats BODY:  POST_KEYS: []
[2026-01-05 20:04:56] REQUEST GET /admin/admin_api.php?action=get_help_conversations BODY:  POST_KEYS: []
[2026-01-05 20:05:01] REQUEST GET /admin/admin_api.php?action=get_help_conversations BODY:  POST_KEYS: []
[2026-01-05 20:05:06] REQUEST GET /admin/admin_api.php?action=stats BODY:  POST_KEYS: []
[2026-01-05 20:05:06] REQUEST GET /admin/admin_api.php?action=get_help_conversations BODY:  POST_KEYS: []
[2026-01-05 20:05:11] REQUEST GET /admin/admin_api.php?action=get_help_conversations BODY:  POST_KEYS: []
[2026-01-05 20:05:16] REQUEST GET /admin/admin_api.php?action=get_help_conversations BODY:  POST_KEYS: []
[2026-01-05 20:05:21] REQUEST GET /admin/admin_api.php?action=get_help_conversations BODY:  POST_KEYS: []
[2026-01-05 20:05:26] REQUEST GET /admin/admin_api.php?action=get_help_conversations BODY:  POST_KEYS: []
[2026-01-05 20:05:31] REQUEST GET /admin/admin_api.php?action=get_help_conversations BODY:  POST_KEYS: []
[2026-01-05 20:05:36] REQUEST GET /admin/admin_api.php?action=stats BODY:  POST_KEYS: []
[2026-01-05 20:05:36] REQUEST GET /admin/admin_api.php?action=get_help_conversations BODY:  POST_KEYS: []
[2026-01-05 20:05:41] REQUEST GET /admin/admin_api.php?action=get_help_conversations BODY:  POST_KEYS: []
[2026-01-05 20:05:46] REQUEST GET /admin/admin_api.php?action=get_help_conversations BODY:  POST_KEYS: []
[2026-01-05 20:05:51] REQUEST GET /admin/admin_api.php?action=get_help_conversations BODY:  POST_KEYS: []
[2026-01-05 20:05:57] REQUEST GET /admin/admin_api.php?action=get_help_conversations BODY:  POST_KEYS: []
[2026-01-05 20:06:33] REQUEST GET /admin/admin_api.php?action=get_help_conversations BODY:  POST_KEYS: []
[2026-01-05 20:06:33] REQUEST GET /admin/admin_api.php?action=stats BODY:  POST_KEYS: []
[2026-01-05 20:06:35] REQUEST GET /admin/admin_api.php?action=stats BODY:  POST_KEYS: []
[2026-01-05 20:06:35] REQUEST GET /admin/admin_api.php?action=get_help_conversations BODY:  POST_KEYS: []
[2026-01-05 20:06:41] REQUEST GET /admin/admin_api.php?action=get_help_conversations BODY:  POST_KEYS: []
[2026-01-05 20:06:46] REQUEST GET /admin/admin_api.php?action=get_help_conversations BODY:  POST_KEYS: []
[2026-01-05 20:06:51] REQUEST GET /admin/admin_api.php?action=get_help_conversations BODY:  POST_KEYS: []
[2026-01-05 20:06:56] REQUEST GET /admin/admin_api.php?action=get_help_conversations BODY:  POST_KEYS: []
[2026-01-05 20:07:01] REQUEST GET /admin/admin_api.php?action=get_help_conversations BODY:  POST_KEYS: []
[2026-01-05 20:07:06] REQUEST GET /admin/admin_api.php?action=get_help_conversations BODY:  POST_KEYS: []
[2026-01-05 20:07:06] REQUEST GET /admin/admin_api.php?action=stats BODY:  POST_KEYS: []
[2026-01-05 20:07:11] REQUEST GET /admin/admin_api.php?action=get_help_conversations BODY:  POST_KEYS: []
[2026-01-05 20:07:16] REQUEST GET /admin/admin_api.php?action=get_help_conversations BODY:  POST_KEYS: []
[2026-01-05 20:07:21] REQUEST GET /admin/admin_api.php?action=get_help_conversations BODY:  POST_KEYS: []
[2026-01-05 20:07:26] REQUEST GET /admin/admin_api.php?action=get_help_conversations BODY:  POST_KEYS: []
[2026-01-05 20:07:31] REQUEST GET /admin/admin_api.php?action=get_help_conversations BODY:  POST_KEYS: []
[2026-01-05 20:07:36] REQUEST GET /admin/admin_api.php?action=stats BODY:  POST_KEYS: []
[2026-01-05 20:07:36] REQUEST GET /admin/admin_api.php?action=get_help_conversations BODY:  POST_KEYS: []
[2026-01-05 20:07:41] REQUEST GET /admin/admin_api.php?action=get_help_conversations BODY:  POST_KEYS: []
[2026-01-05 20:07:57] REQUEST GET /admin/admin_api.php?action=get_help_conversations BODY:  POST_KEYS: []
[2026-01-05 20:08:43] REQUEST GET /admin/admin_api.php?action=get_help_conversations BODY:  POST_KEYS: []
[2026-01-05 20:08:43] REQUEST GET /admin/admin_api.php?action=stats BODY:  POST_KEYS: []
[2026-01-05 20:08:46] REQUEST GET /admin/admin_api.php?action=get_help_conversations BODY:  POST_KEYS: []
[2026-01-05 20:08:51] REQUEST GET /admin/admin_api.php?action=get_help_conversations BODY:  POST_KEYS: []
[2026-01-05 20:08:56] REQUEST GET /admin/admin_api.php?action=get_help_conversations BODY:  POST_KEYS: []
[2026-01-05 20:09:01] REQUEST GET /admin/admin_api.php?action=get_help_conversations BODY:  POST_KEYS: []
[2026-01-05 20:09:05] REQUEST GET /admin/admin_api.php?action=get_help_conversations BODY:  POST_KEYS: []
[2026-01-05 20:09:05] REQUEST GET /admin/admin_api.php?action=stats BODY:  POST_KEYS: []
[2026-01-05 20:09:11] REQUEST GET /admin/admin_api.php?action=get_help_conversations BODY:  POST_KEYS: []
[2026-01-05 20:09:16] REQUEST GET /admin/admin_api.php?action=get_help_conversations BODY:  POST_KEYS: []
[2026-01-05 20:09:21] REQUEST GET /admin/admin_api.php?action=get_help_conversations BODY:  POST_KEYS: []
[2026-01-05 20:09:26] REQUEST GET /admin/admin_api.php?action=get_help_conversations BODY:  POST_KEYS: []
[2026-01-05 20:09:31] REQUEST GET /admin/admin_api.php?action=get_help_conversations BODY:  POST_KEYS: []
[2026-01-05 20:09:36] REQUEST GET /admin/admin_api.php?action=stats BODY:  POST_KEYS: []
[2026-01-05 20:09:36] REQUEST GET /admin/admin_api.php?action=get_help_conversations BODY:  POST_KEYS: []
[2026-01-05 20:09:41] REQUEST GET /admin/admin_api.php?action=get_help_conversations BODY:  POST_KEYS: []
[2026-01-05 20:09:46] REQUEST GET /admin/admin_api.php?action=get_help_conversations BODY:  POST_KEYS: []
[2026-01-05 20:09:51] REQUEST GET /admin/admin_api.php?action=get_help_conversations BODY:  POST_KEYS: []
[2026-01-05 20:09:56] REQUEST GET /admin/admin_api.php?action=get_help_conversations BODY:  POST_KEYS: []
[2026-01-05 20:10:01] REQUEST GET /admin/admin_api.php?action=get_help_conversations BODY:  POST_KEYS: []
[2026-01-05 20:10:06] REQUEST GET /admin/admin_api.php?action=stats BODY:  POST_KEYS: []
[2026-01-05 20:10:06] REQUEST GET /admin/admin_api.php?action=get_help_conversations BODY:  POST_KEYS: []
[2026-01-05 20:10:57] REQUEST GET /admin/admin_api.php?action=get_help_conversations BODY:  POST_KEYS: []
[2026-01-05 20:10:57] REQUEST GET /admin/admin_api.php?action=stats BODY:  POST_KEYS: []
[2026-01-05 20:11:57] REQUEST GET /admin/admin_api.php?action=get_help_conversations BODY:  POST_KEYS: []
[2026-01-05 20:11:57] REQUEST GET /admin/admin_api.php?action=stats BODY:  POST_KEYS: []
[2026-01-05 20:12:57] REQUEST GET /admin/admin_api.php?action=get_help_conversations BODY:  POST_KEYS: []
[2026-01-05 20:12:57] REQUEST GET /admin/admin_api.php?action=stats BODY:  POST_KEYS: []
[2026-01-05 20:13:57] REQUEST GET /admin/admin_api.php?action=get_help_conversations BODY:  POST_KEYS: []
[2026-01-05 20:13:57] REQUEST GET /admin/admin_api.php?action=stats BODY:  POST_KEYS: []
[2026-01-05 20:14:57] REQUEST GET /admin/admin_api.php?action=get_help_conversations BODY:  POST_KEYS: []
[2026-01-05 20:14:57] REQUEST GET /admin/admin_api.php?action=stats BODY:  POST_KEYS: []
[2026-01-05 20:15:57] REQUEST GET /admin/admin_api.php?action=get_help_conversations BODY:  POST_KEYS: []
[2026-01-05 20:15:57] REQUEST GET /admin/admin_api.php?action=stats BODY:  POST_KEYS: []
[2026-01-05 20:16:57] REQUEST GET /admin/admin_api.php?action=stats BODY:  POST_KEYS: []
[2026-01-05 20:16:57] REQUEST GET /admin/admin_api.php?action=get_help_conversations BODY:  POST_KEYS: []
[2026-01-05 20:17:57] REQUEST GET /admin/admin_api.php?action=get_help_conversations BODY:  POST_KEYS: []
[2026-01-05 20:17:57] REQUEST GET /admin/admin_api.php?action=stats BODY:  POST_KEYS: []
[2026-01-05 20:18:57] REQUEST GET /admin/admin_api.php?action=get_help_conversations BODY:  POST_KEYS: []
[2026-01-05 20:18:58] REQUEST GET /admin/admin_api.php?action=stats BODY:  POST_KEYS: []
[2026-01-05 20:19:57] REQUEST GET /admin/admin_api.php?action=get_help_conversations BODY:  POST_KEYS: []
[2026-01-05 20:19:57] REQUEST GET /admin/admin_api.php?action=stats BODY:  POST_KEYS: []
[2026-01-05 20:20:57] REQUEST GET /admin/admin_api.php?action=get_help_conversations BODY:  POST_KEYS: []
[2026-01-05 20:20:57] REQUEST GET /admin/admin_api.php?action=stats BODY:  POST_KEYS: []
[2026-01-05 20:21:57] REQUEST GET /admin/admin_api.php?action=get_help_conversations BODY:  POST_KEYS: []
[2026-01-05 20:21:57] REQUEST GET /admin/admin_api.php?action=stats BODY:  POST_KEYS: []
[2026-01-05 20:22:29] REQUEST GET /admin/admin_api.php?action=get_help_conversations BODY:  POST_KEYS: []
[2026-01-05 20:22:29] REQUEST GET /admin/admin_api.php?action=stats BODY:  POST_KEYS: []
[2026-01-05 20:22:30] REQUEST GET /admin/admin_api.php?action=get_help_conversations BODY:  POST_KEYS: []
[2026-01-05 20:22:35] REQUEST GET /admin/admin_api.php?action=get_help_conversations BODY:  POST_KEYS: []
[2026-01-05 20:22:35] REQUEST POST /admin/admin_api.php BODY: {"action":"close_conversation","conversation_id":"13"} POST_KEYS: []
[2026-01-05 20:22:35] Conversa 13 fechada pelo admin
[2026-01-05 20:22:36] REQUEST GET /admin/admin_api.php?action=get_help_conversations BODY:  POST_KEYS: []
[2026-01-05 20:22:40] REQUEST GET /admin/admin_api.php?action=get_help_conversations BODY:  POST_KEYS: []
[2026-01-05 20:22:45] REQUEST GET /admin/admin_api.php?action=get_help_conversations BODY:  POST_KEYS: []
[2026-01-05 20:22:50] REQUEST GET /admin/admin_api.php?action=get_help_conversations BODY:  POST_KEYS: []
[2026-01-05 20:22:55] REQUEST GET /admin/admin_api.php?action=get_help_conversations BODY:  POST_KEYS: []
[2026-01-05 20:22:59] REQUEST POST /admin/admin_api.php BODY: {"action":"create_update","nome":"teste","versao":"1","descricao":"teste","tema":"atualizacoes"} POST_KEYS: []
[2026-01-05 20:23:00] REQUEST GET /admin/admin_api.php?action=get_help_conversations BODY:  POST_KEYS: []
[2026-01-05 20:23:05] REQUEST GET /admin/admin_api.php?action=get_help_conversations BODY:  POST_KEYS: []
[2026-01-05 20:23:10] REQUEST GET /admin/admin_api.php?action=get_help_conversations BODY:  POST_KEYS: []
[2026-01-05 20:23:15] REQUEST GET /admin/admin_api.php?action=get_help_conversations BODY:  POST_KEYS: []
[2026-01-05 20:23:20] REQUEST GET /admin/admin_api.php?action=get_help_conversations BODY:  POST_KEYS: []
[2026-01-05 20:23:25] REQUEST GET /admin/admin_api.php?action=get_help_conversations BODY:  POST_KEYS: []
[2026-01-05 20:23:30] REQUEST GET /admin/admin_api.php?action=stats BODY:  POST_KEYS: []
[2026-01-05 20:23:30] REQUEST GET /admin/admin_api.php?action=get_help_conversations BODY:  POST_KEYS: []
[2026-01-05 20:23:35] REQUEST GET /admin/admin_api.php?action=get_help_conversations BODY:  POST_KEYS: []
[2026-01-05 20:23:40] REQUEST GET /admin/admin_api.php?action=get_help_conversations BODY:  POST_KEYS: []
[2026-01-05 20:23:45] REQUEST GET /admin/admin_api.php?action=get_help_conversations BODY:  POST_KEYS: []
[2026-01-07 10:34:05] REQUEST GET /admin/admin_api.php?action=get_help_conversations BODY:  POST_KEYS: []
[2026-01-07 10:34:10] REQUEST GET /admin/admin_api.php?action=get_help_conversations BODY:  POST_KEYS: []
[2026-01-07 10:34:15] REQUEST GET /admin/admin_api.php?action=get_help_conversations BODY:  POST_KEYS: []
[2026-01-08 09:09:25] REQUEST GET /admin/admin_api.php?action=get_help_conversations BODY:  POST_KEYS: []
[2026-01-08 09:09:30] REQUEST GET /admin/admin_api.php?action=get_help_conversations BODY:  POST_KEYS: []
[2026-01-13 16:36:44] REQUEST GET /admin/admin_api.php?action=get_help_conversations BODY:  POST_KEYS: []
[2026-01-13 16:36:49] REQUEST GET /admin/admin_api.php?action=get_help_conversations BODY:  POST_KEYS: []
[2026-01-14 11:54:05] REQUEST GET /admin/admin_api.php?action=get_help_conversations BODY:  POST_KEYS: []
[2026-01-14 11:54:10] REQUEST GET /admin/admin_api.php?action=get_help_conversations BODY:  POST_KEYS: []
[2026-01-14 11:54:15] REQUEST GET /admin/admin_api.php?action=get_help_conversations BODY:  POST_KEYS: []
[2026-01-14 11:54:20] REQUEST GET /admin/admin_api.php?action=get_help_conversations BODY:  POST_KEYS: []
[2026-01-14 12:08:15] REQUEST GET /admin/admin_api.php?action=get_help_conversations BODY:  POST_KEYS: []
[2026-01-14 12:08:20] REQUEST GET /admin/admin_api.php?action=get_help_conversations BODY:  POST_KEYS: []
[2026-01-14 12:08:21] REQUEST POST /admin/admin_api.php BODY: {"action":"send_admin_reply","conversation_id":15,"conteudo":"cala te"} POST_KEYS: []
[2026-01-14 12:08:21] Tentando atualizar 'mensagem' para o id_utilizador: 46.
[2026-01-14 12:08:21] UPDATE de utilizador executado para ID 46. Linhas afetadas: 0
[2026-01-14 12:08:21] Aviso: Nenhuma linha foi atualizada para o utilizador ID 46. O valor 'mensagem' talvez já fosse 1.
[2026-01-14 12:08:21] Resposta do admin enviada com sucesso: ID 52 na conversa 15
[2026-01-14 12:08:21] REQUEST GET /admin/admin_api.php?action=get_help_conversations BODY:  POST_KEYS: []
[2026-01-14 12:08:25] REQUEST GET /admin/admin_api.php?action=get_help_conversations BODY:  POST_KEYS: []
[2026-01-14 12:08:30] REQUEST GET /admin/admin_api.php?action=get_help_conversations BODY:  POST_KEYS: []
[2026-01-14 12:08:35] REQUEST GET /admin/admin_api.php?action=get_help_conversations BODY:  POST_KEYS: []
[2026-01-14 12:08:40] REQUEST GET /admin/admin_api.php?action=get_help_conversations BODY:  POST_KEYS: []
[2026-01-14 12:08:45] REQUEST GET /admin/admin_api.php?action=stats BODY:  POST_KEYS: []
[2026-01-14 12:08:45] REQUEST GET /admin/admin_api.php?action=get_help_conversations BODY:  POST_KEYS: []
[2026-01-14 12:08:45] REQUEST GET /admin/admin_api.php?action=get_help_conversations BODY:  POST_KEYS: []
[2026-01-14 12:08:50] REQUEST GET /admin/admin_api.php?action=get_help_conversations BODY:  POST_KEYS: []
[2026-01-14 12:08:55] REQUEST GET /admin/admin_api.php?action=get_help_conversations BODY:  POST_KEYS: []
[2026-01-14 12:09:01] REQUEST GET /admin/admin_api.php?action=get_help_conversations BODY:  POST_KEYS: []
[2026-01-14 12:09:05] REQUEST GET /admin/admin_api.php?action=get_help_conversations BODY:  POST_KEYS: []
[2026-01-14 12:09:11] REQUEST GET /admin/admin_api.php?action=get_help_conversations BODY:  POST_KEYS: []
[2026-01-14 12:09:16] REQUEST GET /admin/admin_api.php?action=stats BODY:  POST_KEYS: []
[2026-01-14 12:09:16] REQUEST GET /admin/admin_api.php?action=get_help_conversations BODY:  POST_KEYS: []
[2026-01-14 12:09:21] REQUEST GET /admin/admin_api.php?action=get_help_conversations BODY:  POST_KEYS: []
[2026-01-14 12:09:26] REQUEST GET /admin/admin_api.php?action=get_help_conversations BODY:  POST_KEYS: []
[2026-01-14 12:09:31] REQUEST GET /admin/admin_api.php?action=get_help_conversations BODY:  POST_KEYS: []
[2026-01-14 12:09:36] REQUEST GET /admin/admin_api.php?action=get_help_conversations BODY:  POST_KEYS: []
[2026-01-14 12:09:40] REQUEST GET /admin/admin_api.php?action=get_help_conversations BODY:  POST_KEYS: []
[2026-01-14 22:56:57] REQUEST GET /admin/admin_api.php?action=get_help_conversations BODY:  POST_KEYS: []
[2026-01-14 22:56:58] REQUEST GET /admin/admin_api.php?action=stats BODY:  POST_KEYS: []
[2026-01-14 22:57:57] REQUEST GET /admin/admin_api.php?action=get_help_conversations BODY:  POST_KEYS: []
[2026-01-14 22:57:57] REQUEST GET /admin/admin_api.php?action=stats BODY:  POST_KEYS: []
[2026-01-14 22:58:57] REQUEST GET /admin/admin_api.php?action=get_help_conversations BODY:  POST_KEYS: []
[2026-01-14 22:58:57] REQUEST GET /admin/admin_api.php?action=stats BODY:  POST_KEYS: []
[2026-01-14 22:59:57] REQUEST GET /admin/admin_api.php?action=get_help_conversations BODY:  POST_KEYS: []
[2026-01-14 22:59:58] REQUEST GET /admin/admin_api.php?action=stats BODY:  POST_KEYS: []
[2026-01-14 23:00:57] REQUEST GET /admin/admin_api.php?action=stats BODY:  POST_KEYS: []
[2026-01-14 23:00:58] REQUEST GET /admin/admin_api.php?action=get_help_conversations BODY:  POST_KEYS: []
[2026-01-14 23:01:57] REQUEST GET /admin/admin_api.php?action=get_help_conversations BODY:  POST_KEYS: []
[2026-01-14 23:01:58] REQUEST GET /admin/admin_api.php?action=stats BODY:  POST_KEYS: []
[2026-01-14 23:02:57] REQUEST GET /admin/admin_api.php?action=get_help_conversations BODY:  POST_KEYS: []
[2026-01-14 23:02:57] REQUEST GET /admin/admin_api.php?action=stats BODY:  POST_KEYS: []
[2026-01-14 23:03:57] REQUEST GET /admin/admin_api.php?action=stats BODY:  POST_KEYS: []
[2026-01-14 23:03:58] REQUEST GET /admin/admin_api.php?action=get_help_conversations BODY:  POST_KEYS: []
[2026-01-20 17:11:29] REQUEST GET /admin/admin_api.php?action=get_help_conversations BODY:  POST_KEYS: []
[2026-01-20 17:11:34] REQUEST GET /admin/admin_api.php?action=get_help_conversations BODY:  POST_KEYS: []
[2026-01-20 17:11:39] REQUEST GET /admin/admin_api.php?action=get_help_conversations BODY:  POST_KEYS: []
[2026-01-20 17:11:59] REQUEST GET /admin/admin_api.php?action=get_help_conversations BODY:  POST_KEYS: []
[2026-01-20 17:12:04] REQUEST GET /admin/admin_api.php?action=get_help_conversations BODY:  POST_KEYS: []
[2026-01-20 17:14:34] REQUEST GET /admin/admin_api.php?action=get_help_conversations BODY:  POST_KEYS: []
[2026-01-20 17:14:39] REQUEST GET /admin/admin_api.php?action=get_help_conversations BODY:  POST_KEYS: []
[2026-01-20 17:14:44] REQUEST GET /admin/admin_api.php?action=get_help_conversations BODY:  POST_KEYS: []
[2026-01-20 17:14:49] REQUEST GET /admin/admin_api.php?action=get_help_conversations BODY:  POST_KEYS: []
[2026-01-20 17:14:54] REQUEST GET /admin/admin_api.php?action=get_help_conversations BODY:  POST_KEYS: []
[2026-01-23 10:44:35] REQUEST GET /admin/admin_api.php?action=get_help_conversations BODY:  POST_KEYS: []
[2026-01-23 10:44:40] REQUEST GET /admin/admin_api.php?action=get_help_conversations BODY:  POST_KEYS: []
[2026-01-23 10:44:45] REQUEST GET /admin/admin_api.php?action=get_help_conversations BODY:  POST_KEYS: []
[2026-02-03 13:35:28] REQUEST GET /admin/admin_api.php?action=stats BODY:  POST_KEYS: []
[2026-02-03 13:35:41] REQUEST GET /admin/admin_api.php?action=get_help_conversations BODY:  POST_KEYS: []
[2026-02-03 13:36:37] REQUEST GET /admin/admin_api.php?action=stats BODY:  POST_KEYS: []
[2026-02-03 13:36:37] REQUEST GET /admin/admin_api.php?action=get_help_conversations BODY:  POST_KEYS: []
[2026-02-03 13:36:38] REQUEST GET /admin/admin_api.php?action=get_help_conversations BODY:  POST_KEYS: []
[2026-02-03 13:36:39] REQUEST GET /admin/admin_api.php?action=get_help_conversations BODY:  POST_KEYS: []
[2026-02-03 13:36:39] REQUEST GET /admin/admin_api.php?action=get_help_conversations BODY:  POST_KEYS: []
[2026-02-03 13:36:40] REQUEST GET /admin/admin_api.php?action=get_help_conversations BODY:  POST_KEYS: []
[2026-02-03 13:36:40] REQUEST GET /admin/admin_api.php?action=get_help_conversations BODY:  POST_KEYS: []
[2026-02-03 13:36:40] REQUEST GET /admin/admin_api.php?action=get_help_conversations BODY:  POST_KEYS: []
[2026-02-03 13:36:40] REQUEST GET /admin/admin_api.php?action=get_help_conversations BODY:  POST_KEYS: []
[2026-02-03 13:36:40] REQUEST GET /admin/admin_api.php?action=get_help_conversations BODY:  POST_KEYS: []
[2026-02-03 13:36:40] REQUEST GET /admin/admin_api.php?action=get_help_conversations BODY:  POST_KEYS: []
[2026-02-03 13:36:41] REQUEST GET /admin/admin_api.php?action=get_help_conversations BODY:  POST_KEYS: []
[2026-02-03 13:36:41] REQUEST GET /admin/admin_api.php?action=get_help_conversations BODY:  POST_KEYS: []
[2026-02-03 13:36:41] REQUEST GET /admin/admin_api.php?action=get_help_conversations BODY:  POST_KEYS: []
[2026-02-03 13:36:46] REQUEST GET /admin/admin_api.php?action=get_help_conversations BODY:  POST_KEYS: []
[2026-02-03 13:36:51] REQUEST GET /admin/admin_api.php?action=get_help_conversations BODY:  POST_KEYS: []
[2026-02-03 13:36:56] REQUEST GET /admin/admin_api.php?action=get_help_conversations BODY:  POST_KEYS: []
[2026-02-03 13:37:01] REQUEST GET /admin/admin_api.php?action=get_help_conversations BODY:  POST_KEYS: []
[2026-02-03 13:37:06] REQUEST GET /admin/admin_api.php?action=get_help_conversations BODY:  POST_KEYS: []
[2026-02-03 13:37:11] REQUEST GET /admin/admin_api.php?action=get_help_conversations BODY:  POST_KEYS: []
[2026-02-03 13:37:11] REQUEST GET /admin/admin_api.php?action=stats BODY:  POST_KEYS: []
[2026-02-03 13:37:13] REQUEST POST /admin/admin_api.php BODY: {"action":"send_admin_reply","conversation_id":20,"conteudo":"ola"} POST_KEYS: []
[2026-02-03 13:37:13] Erro na transação ao enviar resposta de admin: Esta conversa está fechada e não pode receber novas mensagens
[2026-02-03 13:37:13] REQUEST GET /admin/admin_api.php?action=get_help_conversations BODY:  POST_KEYS: []
[2026-02-03 13:37:16] REQUEST GET /admin/admin_api.php?action=get_help_conversations BODY:  POST_KEYS: []
[2026-02-03 13:37:22] REQUEST GET /admin/admin_api.php?action=get_help_conversations BODY:  POST_KEYS: []
[2026-02-03 13:37:27] REQUEST GET /admin/admin_api.php?action=get_help_conversations BODY:  POST_KEYS: []
[2026-02-03 13:37:32] REQUEST GET /admin/admin_api.php?action=get_help_conversations BODY:  POST_KEYS: []
[2026-02-03 13:37:37] REQUEST GET /admin/admin_api.php?action=get_help_conversations BODY:  POST_KEYS: []
[2026-02-03 13:37:42] REQUEST GET /admin/admin_api.php?action=stats BODY:  POST_KEYS: []
[2026-02-03 13:37:42] REQUEST GET /admin/admin_api.php?action=get_help_conversations BODY:  POST_KEYS: []
[2026-02-03 13:37:47] REQUEST GET /admin/admin_api.php?action=get_help_conversations BODY:  POST_KEYS: []
[2026-02-03 13:37:52] REQUEST GET /admin/admin_api.php?action=get_help_conversations BODY:  POST_KEYS: []
[2026-02-03 13:37:57] REQUEST GET /admin/admin_api.php?action=get_help_conversations BODY:  POST_KEYS: []
[2026-02-03 13:38:02] REQUEST GET /admin/admin_api.php?action=get_help_conversations BODY:  POST_KEYS: []
[2026-02-03 13:38:07] REQUEST GET /admin/admin_api.php?action=get_help_conversations BODY:  POST_KEYS: []
[2026-02-03 13:38:12] REQUEST GET /admin/admin_api.php?action=stats BODY:  POST_KEYS: []
[2026-02-03 13:38:12] REQUEST GET /admin/admin_api.php?action=get_help_conversations BODY:  POST_KEYS: []
[2026-02-03 13:38:17] REQUEST GET /admin/admin_api.php?action=get_help_conversations BODY:  POST_KEYS: []
[2026-02-03 13:38:41] REQUEST GET /admin/admin_api.php?action=get_help_conversations BODY:  POST_KEYS: []
[2026-02-03 13:38:42] REQUEST GET /admin/admin_api.php?action=stats BODY:  POST_KEYS: []
[2026-02-03 13:39:12] REQUEST GET /admin/admin_api.php?action=stats BODY:  POST_KEYS: []
[2026-02-03 13:39:41] REQUEST GET /admin/admin_api.php?action=get_help_conversations BODY:  POST_KEYS: []
[2026-02-03 13:39:42] REQUEST GET /admin/admin_api.php?action=stats BODY:  POST_KEYS: []
[2026-02-03 13:40:35] REQUEST GET /admin/admin_api.php?action=get_help_conversations BODY:  POST_KEYS: []
[2026-02-03 13:40:35] REQUEST GET /admin/admin_api.php?action=stats BODY:  POST_KEYS: []
[2026-02-03 13:40:36] REQUEST GET /admin/admin_api.php?action=get_help_conversations BODY:  POST_KEYS: []
[2026-02-03 13:40:41] REQUEST GET /admin/admin_api.php?action=stats BODY:  POST_KEYS: []
[2026-02-03 13:40:41] REQUEST GET /admin/admin_api.php?action=get_help_conversations BODY:  POST_KEYS: []
[2026-02-03 13:40:53] REQUEST GET /admin/admin_api.php?action=get_help_conversations BODY:  POST_KEYS: []
[2026-02-03 13:40:58] REQUEST GET /admin/admin_api.php?action=get_help_conversations BODY:  POST_KEYS: []
[2026-02-03 13:41:03] REQUEST GET /admin/admin_api.php?action=get_help_conversations BODY:  POST_KEYS: []
[2026-02-03 13:41:09] REQUEST GET /admin/admin_api.php?action=get_help_conversations BODY:  POST_KEYS: []
[2026-02-03 13:41:13] REQUEST GET /admin/admin_api.php?action=get_help_conversations BODY:  POST_KEYS: []
[2026-02-03 13:41:18] REQUEST GET /admin/admin_api.php?action=get_help_conversations BODY:  POST_KEYS: []
[2026-02-03 13:41:23] REQUEST GET /admin/admin_api.php?action=stats BODY:  POST_KEYS: []
[2026-02-03 13:41:23] REQUEST GET /admin/admin_api.php?action=get_help_conversations BODY:  POST_KEYS: []
[2026-02-03 13:41:28] REQUEST GET /admin/admin_api.php?action=get_help_conversations BODY:  POST_KEYS: []
[2026-02-03 13:41:33] REQUEST GET /admin/admin_api.php?action=get_help_conversations BODY:  POST_KEYS: []
[2026-02-03 13:41:38] REQUEST GET /admin/admin_api.php?action=get_help_conversations BODY:  POST_KEYS: []
[2026-02-03 13:41:43] REQUEST GET /admin/admin_api.php?action=get_help_conversations BODY:  POST_KEYS: []
[2026-02-03 13:41:48] REQUEST GET /admin/admin_api.php?action=get_help_conversations BODY:  POST_KEYS: []
[2026-02-04 11:10:05] REQUEST GET /admin/admin_api.php?action=get_help_conversations BODY:  POST_KEYS: []
[2026-02-04 11:10:10] REQUEST GET /admin/admin_api.php?action=get_help_conversations BODY:  POST_KEYS: []
[2026-02-04 11:10:15] REQUEST GET /admin/admin_api.php?action=get_help_conversations BODY:  POST_KEYS: []
[2026-02-04 11:10:20] REQUEST GET /admin/admin_api.php?action=get_help_conversations BODY:  POST_KEYS: []
[2026-02-04 11:10:25] REQUEST GET /admin/admin_api.php?action=get_help_conversations BODY:  POST_KEYS: []
[2026-02-04 11:10:30] REQUEST GET /admin/admin_api.php?action=get_help_conversations BODY:  POST_KEYS: []
[2026-02-04 11:10:35] REQUEST GET /admin/admin_api.php?action=stats BODY:  POST_KEYS: []
[2026-02-04 11:10:35] REQUEST GET /admin/admin_api.php?action=get_help_conversations BODY:  POST_KEYS: []
[2026-02-04 11:10:40] REQUEST GET /admin/admin_api.php?action=get_help_conversations BODY:  POST_KEYS: []
[2026-02-04 11:10:45] REQUEST GET /admin/admin_api.php?action=get_help_conversations BODY:  POST_KEYS: []
